
Fmriprep on ADS4241

Container: /projects/adapt_lab/shared/containers/poldracklab_fmriprep_latest-2017-12-07-ba92e815fc4e.img

Subject directory: /projects/adapt_lab/shared/ADS/data/BIDS_data

Starting on: rest


181218-19:13:42,425 workflow IMPORTANT:
	 
    Running fMRIPREP version 1.0.0:
      * BIDS dataset path: /projects/adapt_lab/shared/ADS/data/BIDS_data.
      * Participant list: ['ADS4241'].
      * Run identifier: 20181218-191342_083778bc-f9d8-4b8d-82aa-32a9ec0410d5.
    
181218-19:13:45,258 workflow IMPORTANT:
	 Creating bold processing workflow for "/projects/adapt_lab/shared/ADS/data/BIDS_data/sub-ADS4241/ses-wave2/func/sub-ADS4241_ses-wave2_task-rest_bold.nii.gz" (0.05 GB / 510 TRs).
181218-19:13:45,670 workflow IMPORTANT:
	 Slice-timing correction will be included.
181218-19:13:46,298 workflow WARNING:
	 No fieldmaps found or they were ignored, building base workflow for dataset /projects/adapt_lab/shared/ADS/data/BIDS_data/sub-ADS4241/ses-wave2/func/sub-ADS4241_ses-wave2_task-rest_bold.nii.gz.
181218-19:13:46,510 workflow IMPORTANT:
	 Creating BOLD surface-sampling workflow.
181218-19:13:47,575 workflow IMPORTANT:
	 Creating bold processing workflow for "/projects/adapt_lab/shared/ADS/data/BIDS_data/sub-ADS4241/ses-wave3/func/sub-ADS4241_ses-wave3_task-rest_bold.nii.gz" (0.05 GB / 510 TRs).
181218-19:13:47,944 workflow IMPORTANT:
	 Slice-timing correction will be included.
181218-19:13:48,440 workflow WARNING:
	 No fieldmaps found or they were ignored, building base workflow for dataset /projects/adapt_lab/shared/ADS/data/BIDS_data/sub-ADS4241/ses-wave3/func/sub-ADS4241_ses-wave3_task-rest_bold.nii.gz.
181218-19:13:48,621 workflow IMPORTANT:
	 Creating BOLD surface-sampling workflow.
181218-19:14:25,317 workflow INFO:
	 [Node] Setting-up "fmriprep_wf.single_subject_ADS4241_wf.func_preproc_ses_wave2_task_rest_wf.bold_preproc_report_wf.pre_tsnr" in "/projects/adapt_lab/shared/ADS/data/BIDS_data/derivatives/working_bids_fmripreprest/fmriprep_wf/single_subject_ADS4241_wf/func_preproc_ses_wave2_task_rest_wf/bold_preproc_report_wf/pre_tsnr".
181218-19:14:25,320 workflow INFO:
	 [Node] Setting-up "fmriprep_wf.single_subject_ADS4241_wf.func_preproc_ses_wave3_task_rest_wf.bold_preproc_report_wf.pre_tsnr" in "/projects/adapt_lab/shared/ADS/data/BIDS_data/derivatives/working_bids_fmripreprest/fmriprep_wf/single_subject_ADS4241_wf/func_preproc_ses_wave3_task_rest_wf/bold_preproc_report_wf/pre_tsnr".
181218-19:14:25,321 workflow INFO:
	 [Node] Setting-up "fmriprep_wf.single_subject_ADS4241_wf.func_preproc_ses_wave2_task_rest_wf.bold_stc_wf.create_custom_slice_timing_file" in "/projects/adapt_lab/shared/ADS/data/BIDS_data/derivatives/working_bids_fmripreprest/fmriprep_wf/single_subject_ADS4241_wf/func_preproc_ses_wave2_task_rest_wf/bold_stc_wf/create_custom_slice_timing_file".
181218-19:14:25,323 workflow INFO:
	 [Node] Setting-up "fmriprep_wf.single_subject_ADS4241_wf.func_preproc_ses_wave3_task_rest_wf.bold_stc_wf.create_custom_slice_timing_file" in "/projects/adapt_lab/shared/ADS/data/BIDS_data/derivatives/working_bids_fmripreprest/fmriprep_wf/single_subject_ADS4241_wf/func_preproc_ses_wave3_task_rest_wf/bold_stc_wf/create_custom_slice_timing_file".
181218-19:14:25,335 workflow INFO:
	 [Node] Running "pre_tsnr" ("niworkflows.nipype.algorithms.confounds.TSNR").
181218-19:14:25,341 workflow INFO:
	 [Node] Running "pre_tsnr" ("niworkflows.nipype.algorithms.confounds.TSNR").
181218-19:14:25,397 workflow INFO:
	 [Node] Running "create_custom_slice_timing_file" ("niworkflows.nipype.interfaces.utility.wrappers.Function").
181218-19:14:25,400 workflow INFO:
	 [Node] Running "create_custom_slice_timing_file" ("niworkflows.nipype.interfaces.utility.wrappers.Function").
181218-19:14:25,541 workflow INFO:
	 [Node] Finished "fmriprep_wf.single_subject_ADS4241_wf.func_preproc_ses_wave3_task_rest_wf.bold_stc_wf.create_custom_slice_timing_file".
181218-19:14:25,555 workflow INFO:
	 [Node] Finished "fmriprep_wf.single_subject_ADS4241_wf.func_preproc_ses_wave2_task_rest_wf.bold_stc_wf.create_custom_slice_timing_file".
181218-19:14:29,158 workflow INFO:
	 [Node] Setting-up "fmriprep_wf.single_subject_ADS4241_wf.func_preproc_ses_wave2_task_rest_wf.bold_reference_wf.validate" in "/projects/adapt_lab/shared/ADS/data/BIDS_data/derivatives/working_bids_fmripreprest/fmriprep_wf/single_subject_ADS4241_wf/func_preproc_ses_wave2_task_rest_wf/bold_reference_wf/validate".
181218-19:14:29,173 workflow INFO:
	 [Node] Setting-up "fmriprep_wf.single_subject_ADS4241_wf.func_preproc_ses_wave3_task_rest_wf.bold_reference_wf.validate" in "/projects/adapt_lab/shared/ADS/data/BIDS_data/derivatives/working_bids_fmripreprest/fmriprep_wf/single_subject_ADS4241_wf/func_preproc_ses_wave3_task_rest_wf/bold_reference_wf/validate".
181218-19:14:29,180 workflow INFO:
	 [Node] Running "validate" ("fmriprep.interfaces.images.ValidateImage").
181218-19:14:29,187 workflow INFO:
	 [Node] Running "validate" ("fmriprep.interfaces.images.ValidateImage").
181218-19:14:30,57 workflow INFO:
	 [Node] Setting-up "fmriprep_wf.single_subject_ADS4241_wf.bidssrc" in "/projects/adapt_lab/shared/ADS/data/BIDS_data/derivatives/working_bids_fmripreprest/fmriprep_wf/single_subject_ADS4241_wf/bidssrc".
181218-19:14:30,147 workflow INFO:
	 [Node] Running "bidssrc" ("fmriprep.interfaces.bids.BIDSDataGrabber").
181218-19:14:30,149 interface WARNING:
	 No 't2w' images found for sub-<undefined>
181218-19:14:30,149 interface WARNING:
	 No 'sbref' images found for sub-<undefined>
181218-19:14:30,222 workflow INFO:
	 [Node] Finished "fmriprep_wf.single_subject_ADS4241_wf.bidssrc".
181218-19:14:33,517 workflow INFO:
	 [Node] Finished "fmriprep_wf.single_subject_ADS4241_wf.func_preproc_ses_wave2_task_rest_wf.bold_preproc_report_wf.pre_tsnr".
181218-19:14:33,627 workflow INFO:
	 [Node] Finished "fmriprep_wf.single_subject_ADS4241_wf.func_preproc_ses_wave3_task_rest_wf.bold_preproc_report_wf.pre_tsnr".
181218-19:14:40,382 workflow INFO:
	 [Node] Finished "fmriprep_wf.single_subject_ADS4241_wf.func_preproc_ses_wave2_task_rest_wf.bold_reference_wf.validate".
181218-19:14:40,429 workflow INFO:
	 [Node] Finished "fmriprep_wf.single_subject_ADS4241_wf.func_preproc_ses_wave3_task_rest_wf.bold_reference_wf.validate".
181218-19:14:44,995 workflow ERROR:
	 Node fsdir failed to run on host n058.
181218-19:14:44,996 workflow ERROR:
	 Saving crash info to /projects/adapt_lab/shared/ADS/data/BIDS_data/derivatives/fmriprep/logs/crash-20181218-191444-pettitta-fsdir-e259e096-ba5e-475e-831f-a2dd428e4a36.txt
Traceback (most recent call last):
  File "/usr/local/miniconda/lib/python3.6/shutil.py", line 538, in move
    os.rename(src, real_dst)
FileNotFoundError: [Errno 2] No such file or directory: '/projects/adapt_lab/shared/ADS/data/BIDS_data/derivatives/working_bids_fmripreprest/fmriprep_wf/fsdir/_0xf09d7e3f27006003fd0dcc47b7f4e376_unfinished.json' -> '/projects/adapt_lab/shared/ADS/data/BIDS_data/derivatives/working_bids_fmripreprest/fmriprep_wf/fsdir/_0xf09d7e3f27006003fd0dcc47b7f4e376.json'

During handling of the above exception, another exception occurred:

Traceback (most recent call last):
  File "/usr/local/miniconda/lib/python3.6/site-packages/niworkflows/nipype/pipeline/plugins/multiproc.py", line 310, in _send_procs_to_workers
    self.procs[jobid].run(updatehash=updatehash)
  File "/usr/local/miniconda/lib/python3.6/site-packages/niworkflows/nipype/pipeline/engine/nodes.py", line 413, in run
    shutil.move(hashfile_unfinished, hashfile)
  File "/usr/local/miniconda/lib/python3.6/shutil.py", line 552, in move
    copy_function(src, real_dst)
  File "/usr/local/miniconda/lib/python3.6/shutil.py", line 251, in copy2
    copyfile(src, dst, follow_symlinks=follow_symlinks)
  File "/usr/local/miniconda/lib/python3.6/shutil.py", line 114, in copyfile
    with open(src, 'rb') as fsrc:
FileNotFoundError: [Errno 2] No such file or directory: '/projects/adapt_lab/shared/ADS/data/BIDS_data/derivatives/working_bids_fmripreprest/fmriprep_wf/fsdir/_0xf09d7e3f27006003fd0dcc47b7f4e376_unfinished.json'

181218-19:14:48,159 workflow INFO:
	 [Node] Setting-up "fmriprep_wf.single_subject_ADS4241_wf.anat_preproc_wf.anat_template_wf.t1_template_dimensions" in "/projects/adapt_lab/shared/ADS/data/BIDS_data/derivatives/working_bids_fmripreprest/fmriprep_wf/single_subject_ADS4241_wf/anat_preproc_wf/anat_template_wf/t1_template_dimensions".
181218-19:14:48,257 workflow INFO:
	 [Node] Running "t1_template_dimensions" ("fmriprep.interfaces.images.TemplateDimensions").
181218-19:14:48,389 workflow INFO:
	 [Node] Setting-up "fmriprep_wf.single_subject_ADS4241_wf.func_preproc_ses_wave2_task_rest_wf.bold_reference_wf.gen_ref" in "/projects/adapt_lab/shared/ADS/data/BIDS_data/derivatives/working_bids_fmripreprest/fmriprep_wf/single_subject_ADS4241_wf/func_preproc_ses_wave2_task_rest_wf/bold_reference_wf/gen_ref".
181218-19:14:48,481 workflow INFO:
	 [Node] Running "gen_ref" ("niworkflows.interfaces.registration.EstimateReferenceImage").
181218-19:14:48,491 workflow INFO:
	 [Node] Finished "fmriprep_wf.single_subject_ADS4241_wf.anat_preproc_wf.anat_template_wf.t1_template_dimensions".
181218-19:14:48,657 workflow INFO:
	 [Node] Setting-up "fmriprep_wf.single_subject_ADS4241_wf.func_preproc_ses_wave3_task_rest_wf.bold_reference_wf.gen_ref" in "/projects/adapt_lab/shared/ADS/data/BIDS_data/derivatives/working_bids_fmripreprest/fmriprep_wf/single_subject_ADS4241_wf/func_preproc_ses_wave3_task_rest_wf/bold_reference_wf/gen_ref".
181218-19:14:48,758 workflow INFO:
	 [Node] Running "gen_ref" ("niworkflows.interfaces.registration.EstimateReferenceImage").
181218-19:14:49,761 workflow INFO:
	 [Node] Setting-up "fmriprep_wf.single_subject_ADS4241_wf.anat_preproc_wf.anat_derivatives_wf.t1_name" in "/projects/adapt_lab/shared/ADS/data/BIDS_data/derivatives/working_bids_fmripreprest/fmriprep_wf/single_subject_ADS4241_wf/anat_preproc_wf/anat_derivatives_wf/t1_name".
181218-19:14:49,877 workflow INFO:
	 [Node] Running "t1_name" ("niworkflows.nipype.interfaces.utility.wrappers.Function").
181218-19:14:49,949 workflow INFO:
	 [Node] Finished "fmriprep_wf.single_subject_ADS4241_wf.anat_preproc_wf.anat_derivatives_wf.t1_name".
181218-19:14:51,682 interface INFO:
	 stderr 2018-12-18T19:14:51.682723:++ 3dvolreg: AFNI version=Debian-16.2.07~dfsg.1-5~nd16.04+1 (Jun 12 2017) [64-bit]
181218-19:14:51,683 interface INFO:
	 stderr 2018-12-18T19:14:51.682723:++ Authored by: RW Cox
181218-19:14:51,686 interface INFO:
	 stderr 2018-12-18T19:14:51.686713:++ 3dvolreg: AFNI version=Debian-16.2.07~dfsg.1-5~nd16.04+1 (Jun 12 2017) [64-bit]
181218-19:14:51,687 interface INFO:
	 stderr 2018-12-18T19:14:51.686713:++ Authored by: RW Cox
181218-19:14:51,763 interface INFO:
	 stderr 2018-12-18T19:14:51.763802:[7m*+ WARNING:[0m   If you are performing spatial transformations on an oblique dset, 
181218-19:14:51,764 interface INFO:
	 stderr 2018-12-18T19:14:51.763802:  such as /projects/adapt_lab/shared/ADS/data/BIDS_data/derivatives/working_bids_fmripreprest/fmriprep_wf/single_subject_ADS4241_wf/func_preproc_ses_wave3_task_rest_wf/bold_reference_wf/gen_ref/slice.nii.gz,
181218-19:14:51,764 interface INFO:
	 stderr 2018-12-18T19:14:51.763802:  or viewing/combining it with volumes of differing obliquity,
181218-19:14:51,764 interface INFO:
	 stderr 2018-12-18T19:14:51.763802:  you should consider running: 
181218-19:14:51,764 interface INFO:
	 stderr 2018-12-18T19:14:51.763802:     3dWarp -deoblique 
181218-19:14:51,764 interface INFO:
	 stderr 2018-12-18T19:14:51.763802:  on this and  other oblique datasets in the same session.
181218-19:14:51,764 interface INFO:
	 stderr 2018-12-18T19:14:51.763802: See 3dWarp -help for details.
181218-19:14:51,764 interface INFO:
	 stderr 2018-12-18T19:14:51.763802:++ Oblique dataset:/projects/adapt_lab/shared/ADS/data/BIDS_data/derivatives/working_bids_fmripreprest/fmriprep_wf/single_subject_ADS4241_wf/func_preproc_ses_wave3_task_rest_wf/bold_reference_wf/gen_ref/slice.nii.gz is 7.179635 degrees from plumb.
181218-19:14:51,764 interface INFO:
	 stderr 2018-12-18T19:14:51.764051:[7m*+ WARNING:[0m   If you are performing spatial transformations on an oblique dset, 
181218-19:14:51,764 interface INFO:
	 stderr 2018-12-18T19:14:51.764051:  such as /projects/adapt_lab/shared/ADS/data/BIDS_data/derivatives/working_bids_fmripreprest/fmriprep_wf/single_subject_ADS4241_wf/func_preproc_ses_wave2_task_rest_wf/bold_reference_wf/gen_ref/slice.nii.gz,
181218-19:14:51,764 interface INFO:
	 stderr 2018-12-18T19:14:51.764051:  or viewing/combining it with volumes of differing obliquity,
181218-19:14:51,764 interface INFO:
	 stderr 2018-12-18T19:14:51.764051:  you should consider running: 
181218-19:14:51,764 interface INFO:
	 stderr 2018-12-18T19:14:51.764051:     3dWarp -deoblique 
181218-19:14:51,764 interface INFO:
	 stderr 2018-12-18T19:14:51.764051:  on this and  other oblique datasets in the same session.
181218-19:14:51,764 interface INFO:
	 stderr 2018-12-18T19:14:51.764051: See 3dWarp -help for details.
181218-19:14:51,765 interface INFO:
	 stderr 2018-12-18T19:14:51.764051:++ Oblique dataset:/projects/adapt_lab/shared/ADS/data/BIDS_data/derivatives/working_bids_fmripreprest/fmriprep_wf/single_subject_ADS4241_wf/func_preproc_ses_wave2_task_rest_wf/bold_reference_wf/gen_ref/slice.nii.gz is 1.866974 degrees from plumb.
181218-19:14:51,765 interface INFO:
	 stderr 2018-12-18T19:14:51.765241:++ Coarse del was 10, replaced with 2
181218-19:14:51,765 interface INFO:
	 stderr 2018-12-18T19:14:51.765466:++ Coarse del was 10, replaced with 2
181218-19:14:53,57 workflow INFO:
	 [Node] Setting-up "_t1_conform1" in "/projects/adapt_lab/shared/ADS/data/BIDS_data/derivatives/working_bids_fmripreprest/fmriprep_wf/single_subject_ADS4241_wf/anat_preproc_wf/anat_template_wf/t1_conform/mapflow/_t1_conform1".
181218-19:14:53,59 workflow INFO:
	 [Node] Setting-up "_t1_conform0" in "/projects/adapt_lab/shared/ADS/data/BIDS_data/derivatives/working_bids_fmripreprest/fmriprep_wf/single_subject_ADS4241_wf/anat_preproc_wf/anat_template_wf/t1_conform/mapflow/_t1_conform0".
181218-19:14:53,104 workflow INFO:
	 [Node] Running "_t1_conform0" ("fmriprep.interfaces.images.Conform").
181218-19:14:53,107 workflow INFO:
	 [Node] Running "_t1_conform1" ("fmriprep.interfaces.images.Conform").
181218-19:14:53,221 workflow INFO:
	 [Node] Finished "_t1_conform0".
181218-19:15:31,447 interface INFO:
	 stderr 2018-12-18T19:15:31.447726:++ Max displacement in automask = 0.17 (mm) at sub-brick 19
181218-19:15:31,447 interface INFO:
	 stderr 2018-12-18T19:15:31.447726:++ Max delta displ  in automask = 0.12 (mm) at sub-brick 10
181218-19:15:31,455 interface INFO:
	 stderr 2018-12-18T19:15:31.455612:++ Max displacement in automask = 0.50 (mm) at sub-brick 11
181218-19:15:31,455 interface INFO:
	 stderr 2018-12-18T19:15:31.455612:++ Max delta displ  in automask = 0.30 (mm) at sub-brick 3
181218-19:15:33,160 workflow INFO:
	 [Node] Finished "fmriprep_wf.single_subject_ADS4241_wf.func_preproc_ses_wave2_task_rest_wf.bold_reference_wf.gen_ref".
181218-19:15:33,170 workflow INFO:
	 [Node] Finished "fmriprep_wf.single_subject_ADS4241_wf.func_preproc_ses_wave3_task_rest_wf.bold_reference_wf.gen_ref".
181218-19:15:33,895 workflow INFO:
	 [Node] Setting-up "fmriprep_wf.single_subject_ADS4241_wf.func_preproc_ses_wave3_task_rest_wf.bold_reference_wf.enhance_and_skullstrip_bold_wf.n4_correct" in "/projects/adapt_lab/shared/ADS/data/BIDS_data/derivatives/working_bids_fmripreprest/fmriprep_wf/single_subject_ADS4241_wf/func_preproc_ses_wave3_task_rest_wf/bold_reference_wf/enhance_and_skullstrip_bold_wf/n4_correct".
181218-19:15:33,897 workflow INFO:
	 [Node] Setting-up "fmriprep_wf.single_subject_ADS4241_wf.func_preproc_ses_wave2_task_rest_wf.bold_reference_wf.enhance_and_skullstrip_bold_wf.n4_correct" in "/projects/adapt_lab/shared/ADS/data/BIDS_data/derivatives/working_bids_fmripreprest/fmriprep_wf/single_subject_ADS4241_wf/func_preproc_ses_wave2_task_rest_wf/bold_reference_wf/enhance_and_skullstrip_bold_wf/n4_correct".
181218-19:15:34,28 workflow INFO:
	 [Node] Running "n4_correct" ("niworkflows.nipype.interfaces.ants.segmentation.N4BiasFieldCorrection"), a CommandLine Interface with command:
N4BiasFieldCorrection -d 3 --input-image /projects/adapt_lab/shared/ADS/data/BIDS_data/derivatives/working_bids_fmripreprest/fmriprep_wf/single_subject_ADS4241_wf/func_preproc_ses_wave2_task_rest_wf/bold_reference_wf/gen_ref/ref_image.nii.gz --output ref_image_corrected.nii.gz.
181218-19:15:34,44 workflow INFO:
	 [Node] Running "n4_correct" ("niworkflows.nipype.interfaces.ants.segmentation.N4BiasFieldCorrection"), a CommandLine Interface with command:
N4BiasFieldCorrection -d 3 --input-image /projects/adapt_lab/shared/ADS/data/BIDS_data/derivatives/working_bids_fmripreprest/fmriprep_wf/single_subject_ADS4241_wf/func_preproc_ses_wave3_task_rest_wf/bold_reference_wf/gen_ref/ref_image.nii.gz --output ref_image_corrected.nii.gz.
181218-19:15:34,56 workflow INFO:
	 [Node] Setting-up "fmriprep_wf.single_subject_ADS4241_wf.func_preproc_ses_wave3_task_rest_wf.bold_stc_wf.slice_timing_correction" in "/projects/adapt_lab/shared/ADS/data/BIDS_data/derivatives/working_bids_fmripreprest/fmriprep_wf/single_subject_ADS4241_wf/func_preproc_ses_wave3_task_rest_wf/bold_stc_wf/slice_timing_correction".
181218-19:15:34,104 workflow INFO:
	 [Node] Setting-up "fmriprep_wf.single_subject_ADS4241_wf.func_preproc_ses_wave2_task_rest_wf.bold_stc_wf.slice_timing_correction" in "/projects/adapt_lab/shared/ADS/data/BIDS_data/derivatives/working_bids_fmripreprest/fmriprep_wf/single_subject_ADS4241_wf/func_preproc_ses_wave2_task_rest_wf/bold_stc_wf/slice_timing_correction".
181218-19:15:34,177 workflow INFO:
	 [Node] Running "slice_timing_correction" ("niworkflows.nipype.interfaces.afni.preprocess.TShift"), a CommandLine Interface with command:
3dTshift -ignore 0 -prefix sub-ADS4241_ses-wave3_task-rest_bold_valid_tshift.nii.gz -tpattern @/projects/adapt_lab/shared/ADS/data/BIDS_data/derivatives/working_bids_fmripreprest/fmriprep_wf/single_subject_ADS4241_wf/func_preproc_ses_wave3_task_rest_wf/bold_stc_wf/create_custom_slice_timing_file/timings.1D -TR 1.4s /projects/adapt_lab/shared/ADS/data/BIDS_data/derivatives/working_bids_fmripreprest/fmriprep_wf/single_subject_ADS4241_wf/func_preproc_ses_wave3_task_rest_wf/bold_stc_wf/slice_timing_correction/sub-ADS4241_ses-wave3_task-rest_bold_valid.nii.gz.
181218-19:15:34,228 workflow INFO:
	 [Node] Running "slice_timing_correction" ("niworkflows.nipype.interfaces.afni.preprocess.TShift"), a CommandLine Interface with command:
3dTshift -ignore 0 -prefix sub-ADS4241_ses-wave2_task-rest_bold_valid_tshift.nii.gz -tpattern @/projects/adapt_lab/shared/ADS/data/BIDS_data/derivatives/working_bids_fmripreprest/fmriprep_wf/single_subject_ADS4241_wf/func_preproc_ses_wave2_task_rest_wf/bold_stc_wf/create_custom_slice_timing_file/timings.1D -TR 1.4s /projects/adapt_lab/shared/ADS/data/BIDS_data/derivatives/working_bids_fmripreprest/fmriprep_wf/single_subject_ADS4241_wf/func_preproc_ses_wave2_task_rest_wf/bold_stc_wf/slice_timing_correction/sub-ADS4241_ses-wave2_task-rest_bold_valid.nii.gz.
181218-19:15:34,269 workflow INFO:
	 [Node] Setting-up "fmriprep_wf.single_subject_ADS4241_wf.func_preproc_ses_wave2_task_rest_wf.bold_hmc_wf.mcflirt" in "/projects/adapt_lab/shared/ADS/data/BIDS_data/derivatives/working_bids_fmripreprest/fmriprep_wf/single_subject_ADS4241_wf/func_preproc_ses_wave2_task_rest_wf/bold_hmc_wf/mcflirt".
181218-19:15:34,286 workflow INFO:
	 [Node] Setting-up "fmriprep_wf.single_subject_ADS4241_wf.func_preproc_ses_wave3_task_rest_wf.bold_hmc_wf.mcflirt" in "/projects/adapt_lab/shared/ADS/data/BIDS_data/derivatives/working_bids_fmripreprest/fmriprep_wf/single_subject_ADS4241_wf/func_preproc_ses_wave3_task_rest_wf/bold_hmc_wf/mcflirt".
181218-19:15:34,349 workflow INFO:
	 [Node] Running "mcflirt" ("niworkflows.nipype.interfaces.fsl.preprocess.MCFLIRT"), a CommandLine Interface with command:
mcflirt -in /projects/adapt_lab/shared/ADS/data/BIDS_data/derivatives/working_bids_fmripreprest/fmriprep_wf/single_subject_ADS4241_wf/func_preproc_ses_wave2_task_rest_wf/bold_reference_wf/validate/sub-ADS4241_ses-wave2_task-rest_bold_valid.nii.gz -out /projects/adapt_lab/shared/ADS/data/BIDS_data/derivatives/working_bids_fmripreprest/fmriprep_wf/single_subject_ADS4241_wf/func_preproc_ses_wave2_task_rest_wf/bold_hmc_wf/mcflirt/sub-ADS4241_ses-wave2_task-rest_bold_valid_mcf.nii.gz -reffile /projects/adapt_lab/shared/ADS/data/BIDS_data/derivatives/working_bids_fmripreprest/fmriprep_wf/single_subject_ADS4241_wf/func_preproc_ses_wave2_task_rest_wf/bold_reference_wf/gen_ref/ref_image.nii.gz -mats -plots.
181218-19:15:34,353 workflow INFO:
	 [Node] Running "mcflirt" ("niworkflows.nipype.interfaces.fsl.preprocess.MCFLIRT"), a CommandLine Interface with command:
mcflirt -in /projects/adapt_lab/shared/ADS/data/BIDS_data/derivatives/working_bids_fmripreprest/fmriprep_wf/single_subject_ADS4241_wf/func_preproc_ses_wave3_task_rest_wf/bold_reference_wf/validate/sub-ADS4241_ses-wave3_task-rest_bold_valid.nii.gz -out /projects/adapt_lab/shared/ADS/data/BIDS_data/derivatives/working_bids_fmripreprest/fmriprep_wf/single_subject_ADS4241_wf/func_preproc_ses_wave3_task_rest_wf/bold_hmc_wf/mcflirt/sub-ADS4241_ses-wave3_task-rest_bold_valid_mcf.nii.gz -reffile /projects/adapt_lab/shared/ADS/data/BIDS_data/derivatives/working_bids_fmripreprest/fmriprep_wf/single_subject_ADS4241_wf/func_preproc_ses_wave3_task_rest_wf/bold_reference_wf/gen_ref/ref_image.nii.gz -mats -plots.
181218-19:16:09,882 workflow INFO:
	 [Node] Finished "_t1_conform1".
181218-19:16:15,430 workflow INFO:
	 [Node] Setting-up "fmriprep_wf.single_subject_ADS4241_wf.anat_preproc_wf.anat_template_wf.t1_conform" in "/projects/adapt_lab/shared/ADS/data/BIDS_data/derivatives/working_bids_fmripreprest/fmriprep_wf/single_subject_ADS4241_wf/anat_preproc_wf/anat_template_wf/t1_conform".
181218-19:16:15,473 workflow INFO:
	 [Node] Setting-up "_t1_conform0" in "/projects/adapt_lab/shared/ADS/data/BIDS_data/derivatives/working_bids_fmripreprest/fmriprep_wf/single_subject_ADS4241_wf/anat_preproc_wf/anat_template_wf/t1_conform/mapflow/_t1_conform0".
181218-19:16:15,474 workflow INFO:
	 Collecting precomputed outputs
181218-19:16:15,474 workflow INFO:
	 [Node] Cached "_t1_conform0".
181218-19:16:15,482 workflow INFO:
	 [Node] Setting-up "_t1_conform1" in "/projects/adapt_lab/shared/ADS/data/BIDS_data/derivatives/working_bids_fmripreprest/fmriprep_wf/single_subject_ADS4241_wf/anat_preproc_wf/anat_template_wf/t1_conform/mapflow/_t1_conform1".
181218-19:16:15,482 workflow INFO:
	 Collecting precomputed outputs
181218-19:16:15,483 workflow INFO:
	 [Node] Cached "_t1_conform1".
181218-19:16:15,626 workflow INFO:
	 [Node] Finished "fmriprep_wf.single_subject_ADS4241_wf.anat_preproc_wf.anat_template_wf.t1_conform".
