
Fmriprep on ADS5226

Container: /projects/adapt_lab/shared/containers/poldracklab_fmriprep_latest-2017-12-07-ba92e815fc4e.img

Subject directory: /projects/adapt_lab/shared/ADS/data/BIDS_data

Starting on: rest


181218-19:13:42,401 workflow IMPORTANT:
	 
    Running fMRIPREP version 1.0.0:
      * BIDS dataset path: /projects/adapt_lab/shared/ADS/data/BIDS_data.
      * Participant list: ['ADS5226'].
      * Run identifier: 20181218-191342_3e212805-31da-47f6-9ba7-7f45b7a657fc.
    
181218-19:13:45,110 workflow IMPORTANT:
	 Creating bold processing workflow for "/projects/adapt_lab/shared/ADS/data/BIDS_data/sub-ADS5226/ses-wave2/func/sub-ADS5226_ses-wave2_task-rest_bold.nii.gz" (0.05 GB / 510 TRs).
181218-19:13:45,536 workflow IMPORTANT:
	 Slice-timing correction will be included.
181218-19:13:46,37 workflow WARNING:
	 No fieldmaps found or they were ignored, building base workflow for dataset /projects/adapt_lab/shared/ADS/data/BIDS_data/sub-ADS5226/ses-wave2/func/sub-ADS5226_ses-wave2_task-rest_bold.nii.gz.
181218-19:13:46,217 workflow IMPORTANT:
	 Creating BOLD surface-sampling workflow.
181218-19:13:47,196 workflow IMPORTANT:
	 Creating bold processing workflow for "/projects/adapt_lab/shared/ADS/data/BIDS_data/sub-ADS5226/ses-wave3/func/sub-ADS5226_ses-wave3_task-rest_bold.nii.gz" (0.05 GB / 510 TRs).
181218-19:13:47,596 workflow IMPORTANT:
	 Slice-timing correction will be included.
181218-19:13:48,87 workflow WARNING:
	 No fieldmaps found or they were ignored, building base workflow for dataset /projects/adapt_lab/shared/ADS/data/BIDS_data/sub-ADS5226/ses-wave3/func/sub-ADS5226_ses-wave3_task-rest_bold.nii.gz.
181218-19:13:48,264 workflow IMPORTANT:
	 Creating BOLD surface-sampling workflow.
181218-19:14:24,848 workflow INFO:
	 [Node] Setting-up "fmriprep_wf.single_subject_ADS5226_wf.func_preproc_ses_wave2_task_rest_wf.bold_preproc_report_wf.pre_tsnr" in "/projects/adapt_lab/shared/ADS/data/BIDS_data/derivatives/working_bids_fmripreprest/fmriprep_wf/single_subject_ADS5226_wf/func_preproc_ses_wave2_task_rest_wf/bold_preproc_report_wf/pre_tsnr".
181218-19:14:24,875 workflow INFO:
	 [Node] Setting-up "fmriprep_wf.single_subject_ADS5226_wf.func_preproc_ses_wave2_task_rest_wf.bold_stc_wf.create_custom_slice_timing_file" in "/projects/adapt_lab/shared/ADS/data/BIDS_data/derivatives/working_bids_fmripreprest/fmriprep_wf/single_subject_ADS5226_wf/func_preproc_ses_wave2_task_rest_wf/bold_stc_wf/create_custom_slice_timing_file".
181218-19:14:24,899 workflow INFO:
	 [Node] Setting-up "fmriprep_wf.single_subject_ADS5226_wf.func_preproc_ses_wave3_task_rest_wf.bold_preproc_report_wf.pre_tsnr" in "/projects/adapt_lab/shared/ADS/data/BIDS_data/derivatives/working_bids_fmripreprest/fmriprep_wf/single_subject_ADS5226_wf/func_preproc_ses_wave3_task_rest_wf/bold_preproc_report_wf/pre_tsnr".
181218-19:14:24,905 workflow INFO:
	 [Node] Setting-up "fmriprep_wf.single_subject_ADS5226_wf.func_preproc_ses_wave3_task_rest_wf.bold_stc_wf.create_custom_slice_timing_file" in "/projects/adapt_lab/shared/ADS/data/BIDS_data/derivatives/working_bids_fmripreprest/fmriprep_wf/single_subject_ADS5226_wf/func_preproc_ses_wave3_task_rest_wf/bold_stc_wf/create_custom_slice_timing_file".
181218-19:14:24,940 workflow INFO:
	 [Node] Running "create_custom_slice_timing_file" ("niworkflows.nipype.interfaces.utility.wrappers.Function").
181218-19:14:24,945 workflow INFO:
	 [Node] Running "pre_tsnr" ("niworkflows.nipype.algorithms.confounds.TSNR").
181218-19:14:24,954 workflow INFO:
	 [Node] Running "pre_tsnr" ("niworkflows.nipype.algorithms.confounds.TSNR").
181218-19:14:24,977 workflow INFO:
	 [Node] Running "create_custom_slice_timing_file" ("niworkflows.nipype.interfaces.utility.wrappers.Function").
181218-19:14:25,67 workflow INFO:
	 [Node] Finished "fmriprep_wf.single_subject_ADS5226_wf.func_preproc_ses_wave2_task_rest_wf.bold_stc_wf.create_custom_slice_timing_file".
181218-19:14:25,83 workflow INFO:
	 [Node] Finished "fmriprep_wf.single_subject_ADS5226_wf.func_preproc_ses_wave3_task_rest_wf.bold_stc_wf.create_custom_slice_timing_file".
181218-19:14:28,372 workflow INFO:
	 [Node] Setting-up "fmriprep_wf.single_subject_ADS5226_wf.func_preproc_ses_wave3_task_rest_wf.bold_reference_wf.validate" in "/projects/adapt_lab/shared/ADS/data/BIDS_data/derivatives/working_bids_fmripreprest/fmriprep_wf/single_subject_ADS5226_wf/func_preproc_ses_wave3_task_rest_wf/bold_reference_wf/validate".
181218-19:14:28,399 workflow INFO:
	 [Node] Setting-up "fmriprep_wf.single_subject_ADS5226_wf.func_preproc_ses_wave2_task_rest_wf.bold_reference_wf.validate" in "/projects/adapt_lab/shared/ADS/data/BIDS_data/derivatives/working_bids_fmripreprest/fmriprep_wf/single_subject_ADS5226_wf/func_preproc_ses_wave2_task_rest_wf/bold_reference_wf/validate".
181218-19:14:28,403 workflow INFO:
	 [Node] Running "validate" ("fmriprep.interfaces.images.ValidateImage").
181218-19:14:28,499 workflow INFO:
	 [Node] Running "validate" ("fmriprep.interfaces.images.ValidateImage").
181218-19:14:29,487 workflow INFO:
	 [Node] Setting-up "fmriprep_wf.single_subject_ADS5226_wf.bidssrc" in "/projects/adapt_lab/shared/ADS/data/BIDS_data/derivatives/working_bids_fmripreprest/fmriprep_wf/single_subject_ADS5226_wf/bidssrc".
181218-19:14:29,520 workflow INFO:
	 [Node] Running "bidssrc" ("fmriprep.interfaces.bids.BIDSDataGrabber").
181218-19:14:29,521 interface WARNING:
	 No 't2w' images found for sub-<undefined>
181218-19:14:29,521 interface WARNING:
	 No 'sbref' images found for sub-<undefined>
181218-19:14:29,648 workflow INFO:
	 [Node] Finished "fmriprep_wf.single_subject_ADS5226_wf.bidssrc".
181218-19:14:33,394 workflow INFO:
	 [Node] Finished "fmriprep_wf.single_subject_ADS5226_wf.func_preproc_ses_wave3_task_rest_wf.bold_preproc_report_wf.pre_tsnr".
181218-19:14:33,403 workflow INFO:
	 [Node] Finished "fmriprep_wf.single_subject_ADS5226_wf.func_preproc_ses_wave2_task_rest_wf.bold_preproc_report_wf.pre_tsnr".
181218-19:14:35,883 workflow INFO:
	 [Node] Setting-up "fmriprep_wf.single_subject_ADS5226_wf.anat_preproc_wf.anat_template_wf.t1_template_dimensions" in "/projects/adapt_lab/shared/ADS/data/BIDS_data/derivatives/working_bids_fmripreprest/fmriprep_wf/single_subject_ADS5226_wf/anat_preproc_wf/anat_template_wf/t1_template_dimensions".
181218-19:14:35,934 workflow INFO:
	 [Node] Running "t1_template_dimensions" ("fmriprep.interfaces.images.TemplateDimensions").
181218-19:14:36,121 workflow INFO:
	 [Node] Finished "fmriprep_wf.single_subject_ADS5226_wf.anat_preproc_wf.anat_template_wf.t1_template_dimensions".
181218-19:14:38,703 workflow INFO:
	 [Node] Setting-up "fmriprep_wf.single_subject_ADS5226_wf.anat_preproc_wf.anat_derivatives_wf.t1_name" in "/projects/adapt_lab/shared/ADS/data/BIDS_data/derivatives/working_bids_fmripreprest/fmriprep_wf/single_subject_ADS5226_wf/anat_preproc_wf/anat_derivatives_wf/t1_name".
181218-19:14:38,810 workflow INFO:
	 [Node] Running "t1_name" ("niworkflows.nipype.interfaces.utility.wrappers.Function").
181218-19:14:38,907 workflow INFO:
	 [Node] Finished "fmriprep_wf.single_subject_ADS5226_wf.anat_preproc_wf.anat_derivatives_wf.t1_name".
181218-19:14:43,175 workflow INFO:
	 [Node] Setting-up "_t1_conform0" in "/projects/adapt_lab/shared/ADS/data/BIDS_data/derivatives/working_bids_fmripreprest/fmriprep_wf/single_subject_ADS5226_wf/anat_preproc_wf/anat_template_wf/t1_conform/mapflow/_t1_conform0".
181218-19:14:43,187 workflow INFO:
	 [Node] Setting-up "_t1_conform1" in "/projects/adapt_lab/shared/ADS/data/BIDS_data/derivatives/working_bids_fmripreprest/fmriprep_wf/single_subject_ADS5226_wf/anat_preproc_wf/anat_template_wf/t1_conform/mapflow/_t1_conform1".
181218-19:14:43,265 workflow INFO:
	 [Node] Running "_t1_conform0" ("fmriprep.interfaces.images.Conform").
181218-19:14:43,271 workflow INFO:
	 [Node] Running "_t1_conform1" ("fmriprep.interfaces.images.Conform").
181218-19:14:43,384 workflow INFO:
	 [Node] Finished "_t1_conform0".
181218-19:14:45,707 workflow INFO:
	 [Node] Finished "fmriprep_wf.single_subject_ADS5226_wf.func_preproc_ses_wave2_task_rest_wf.bold_reference_wf.validate".
181218-19:14:45,786 workflow INFO:
	 [Node] Finished "fmriprep_wf.single_subject_ADS5226_wf.func_preproc_ses_wave3_task_rest_wf.bold_reference_wf.validate".
181218-19:14:51,428 workflow INFO:
	 [Node] Setting-up "fmriprep_wf.single_subject_ADS5226_wf.func_preproc_ses_wave2_task_rest_wf.bold_reference_wf.gen_ref" in "/projects/adapt_lab/shared/ADS/data/BIDS_data/derivatives/working_bids_fmripreprest/fmriprep_wf/single_subject_ADS5226_wf/func_preproc_ses_wave2_task_rest_wf/bold_reference_wf/gen_ref".
181218-19:14:51,668 workflow INFO:
	 [Node] Running "gen_ref" ("niworkflows.interfaces.registration.EstimateReferenceImage").
181218-19:14:51,935 workflow INFO:
	 [Node] Setting-up "fmriprep_wf.single_subject_ADS5226_wf.func_preproc_ses_wave3_task_rest_wf.bold_reference_wf.gen_ref" in "/projects/adapt_lab/shared/ADS/data/BIDS_data/derivatives/working_bids_fmripreprest/fmriprep_wf/single_subject_ADS5226_wf/func_preproc_ses_wave3_task_rest_wf/bold_reference_wf/gen_ref".
181218-19:14:52,125 workflow INFO:
	 [Node] Running "gen_ref" ("niworkflows.interfaces.registration.EstimateReferenceImage").
181218-19:14:54,76 interface INFO:
	 stderr 2018-12-18T19:14:54.076242:++ 3dvolreg: AFNI version=Debian-16.2.07~dfsg.1-5~nd16.04+1 (Jun 12 2017) [64-bit]
181218-19:14:54,76 interface INFO:
	 stderr 2018-12-18T19:14:54.076242:++ Authored by: RW Cox
181218-19:14:54,76 interface INFO:
	 stderr 2018-12-18T19:14:54.076723:++ 3dvolreg: AFNI version=Debian-16.2.07~dfsg.1-5~nd16.04+1 (Jun 12 2017) [64-bit]
181218-19:14:54,77 interface INFO:
	 stderr 2018-12-18T19:14:54.076723:++ Authored by: RW Cox
181218-19:14:54,225 interface INFO:
	 stderr 2018-12-18T19:14:54.225409:[7m*+ WARNING:[0m   If you are performing spatial transformations on an oblique dset, 
181218-19:14:54,225 interface INFO:
	 stderr 2018-12-18T19:14:54.225409:  such as /projects/adapt_lab/shared/ADS/data/BIDS_data/derivatives/working_bids_fmripreprest/fmriprep_wf/single_subject_ADS5226_wf/func_preproc_ses_wave2_task_rest_wf/bold_reference_wf/gen_ref/slice.nii.gz,
181218-19:14:54,225 interface INFO:
	 stderr 2018-12-18T19:14:54.225409:  or viewing/combining it with volumes of differing obliquity,
181218-19:14:54,225 interface INFO:
	 stderr 2018-12-18T19:14:54.225409:  you should consider running: 
181218-19:14:54,225 interface INFO:
	 stderr 2018-12-18T19:14:54.225409:     3dWarp -deoblique 
181218-19:14:54,225 interface INFO:
	 stderr 2018-12-18T19:14:54.225409:  on this and  other oblique datasets in the same session.
181218-19:14:54,225 interface INFO:
	 stderr 2018-12-18T19:14:54.225409: See 3dWarp -help for details.
181218-19:14:54,225 interface INFO:
	 stderr 2018-12-18T19:14:54.225409:++ Oblique dataset:/projects/adapt_lab/shared/ADS/data/BIDS_data/derivatives/working_bids_fmripreprest/fmriprep_wf/single_subject_ADS5226_wf/func_preproc_ses_wave2_task_rest_wf/bold_reference_wf/gen_ref/slice.nii.gz is 2.080743 degrees from plumb.
181218-19:14:54,226 interface INFO:
	 stderr 2018-12-18T19:14:54.226063:[7m*+ WARNING:[0m   If you are performing spatial transformations on an oblique dset, 
181218-19:14:54,226 interface INFO:
	 stderr 2018-12-18T19:14:54.226063:  such as /projects/adapt_lab/shared/ADS/data/BIDS_data/derivatives/working_bids_fmripreprest/fmriprep_wf/single_subject_ADS5226_wf/func_preproc_ses_wave3_task_rest_wf/bold_reference_wf/gen_ref/slice.nii.gz,
181218-19:14:54,226 interface INFO:
	 stderr 2018-12-18T19:14:54.226063:  or viewing/combining it with volumes of differing obliquity,
181218-19:14:54,226 interface INFO:
	 stderr 2018-12-18T19:14:54.226063:  you should consider running: 
181218-19:14:54,226 interface INFO:
	 stderr 2018-12-18T19:14:54.226063:     3dWarp -deoblique 
181218-19:14:54,226 interface INFO:
	 stderr 2018-12-18T19:14:54.226063:  on this and  other oblique datasets in the same session.
181218-19:14:54,226 interface INFO:
	 stderr 2018-12-18T19:14:54.226063: See 3dWarp -help for details.
181218-19:14:54,226 interface INFO:
	 stderr 2018-12-18T19:14:54.226063:++ Oblique dataset:/projects/adapt_lab/shared/ADS/data/BIDS_data/derivatives/working_bids_fmripreprest/fmriprep_wf/single_subject_ADS5226_wf/func_preproc_ses_wave3_task_rest_wf/bold_reference_wf/gen_ref/slice.nii.gz is 5.740678 degrees from plumb.
181218-19:14:54,226 interface INFO:
	 stderr 2018-12-18T19:14:54.226896:++ Coarse del was 10, replaced with 2
181218-19:14:54,227 interface INFO:
	 stderr 2018-12-18T19:14:54.227018:++ Coarse del was 10, replaced with 2
181218-19:15:31,295 interface INFO:
	 stderr 2018-12-18T19:15:31.295793:++ Max displacement in automask = 0.12 (mm) at sub-brick 16
181218-19:15:31,296 interface INFO:
	 stderr 2018-12-18T19:15:31.295793:++ Max delta displ  in automask = 0.13 (mm) at sub-brick 4
181218-19:15:31,352 interface INFO:
	 stderr 2018-12-18T19:15:31.352335:++ Max displacement in automask = 0.22 (mm) at sub-brick 6
181218-19:15:31,352 interface INFO:
	 stderr 2018-12-18T19:15:31.352335:++ Max delta displ  in automask = 0.14 (mm) at sub-brick 5
181218-19:15:33,732 workflow ERROR:
	 Node gen_ref failed to run on host n050.
181218-19:15:33,796 workflow ERROR:
	 Saving crash info to /projects/adapt_lab/shared/ADS/data/BIDS_data/derivatives/fmriprep/sub-ADS5226/log/20181218-191342_3e212805-31da-47f6-9ba7-7f45b7a657fc/crash-20181218-191533-pettitta-gen_ref-ff0e9074-110d-43a0-9fda-27e0d05395d1.txt
Traceback (most recent call last):
  File "/usr/local/miniconda/lib/python3.6/shutil.py", line 538, in move
    os.rename(src, real_dst)
FileNotFoundError: [Errno 2] No such file or directory: '/projects/adapt_lab/shared/ADS/data/BIDS_data/derivatives/working_bids_fmripreprest/fmriprep_wf/single_subject_ADS5226_wf/func_preproc_ses_wave2_task_rest_wf/bold_reference_wf/gen_ref/_0x840d90c487df35403ff67f81c9bac700_unfinished.json' -> '/projects/adapt_lab/shared/ADS/data/BIDS_data/derivatives/working_bids_fmripreprest/fmriprep_wf/single_subject_ADS5226_wf/func_preproc_ses_wave2_task_rest_wf/bold_reference_wf/gen_ref/_0x840d90c487df35403ff67f81c9bac700.json'

During handling of the above exception, another exception occurred:

Traceback (most recent call last):
  File "/usr/local/miniconda/lib/python3.6/site-packages/niworkflows/nipype/pipeline/plugins/multiproc.py", line 62, in run_node
    result['result'] = node.run(updatehash=updatehash)
  File "/usr/local/miniconda/lib/python3.6/site-packages/niworkflows/nipype/pipeline/engine/nodes.py", line 413, in run
    shutil.move(hashfile_unfinished, hashfile)
  File "/usr/local/miniconda/lib/python3.6/shutil.py", line 552, in move
    copy_function(src, real_dst)
  File "/usr/local/miniconda/lib/python3.6/shutil.py", line 251, in copy2
    copyfile(src, dst, follow_symlinks=follow_symlinks)
  File "/usr/local/miniconda/lib/python3.6/shutil.py", line 114, in copyfile
    with open(src, 'rb') as fsrc:
FileNotFoundError: [Errno 2] No such file or directory: '/projects/adapt_lab/shared/ADS/data/BIDS_data/derivatives/working_bids_fmripreprest/fmriprep_wf/single_subject_ADS5226_wf/func_preproc_ses_wave2_task_rest_wf/bold_reference_wf/gen_ref/_0x840d90c487df35403ff67f81c9bac700_unfinished.json'

181218-19:15:33,799 workflow ERROR:
	 Node gen_ref failed to run on host n050.
181218-19:15:33,799 workflow ERROR:
	 Saving crash info to /projects/adapt_lab/shared/ADS/data/BIDS_data/derivatives/fmriprep/sub-ADS5226/log/20181218-191342_3e212805-31da-47f6-9ba7-7f45b7a657fc/crash-20181218-191533-pettitta-gen_ref-d645270f-b33d-45c5-bcc8-34edc38a1327.txt
Traceback (most recent call last):
  File "/usr/local/miniconda/lib/python3.6/shutil.py", line 538, in move
    os.rename(src, real_dst)
FileNotFoundError: [Errno 2] No such file or directory: '/projects/adapt_lab/shared/ADS/data/BIDS_data/derivatives/working_bids_fmripreprest/fmriprep_wf/single_subject_ADS5226_wf/func_preproc_ses_wave3_task_rest_wf/bold_reference_wf/gen_ref/_0x4f90d045e8a34e28419f48b5d4f70e99_unfinished.json' -> '/projects/adapt_lab/shared/ADS/data/BIDS_data/derivatives/working_bids_fmripreprest/fmriprep_wf/single_subject_ADS5226_wf/func_preproc_ses_wave3_task_rest_wf/bold_reference_wf/gen_ref/_0x4f90d045e8a34e28419f48b5d4f70e99.json'

During handling of the above exception, another exception occurred:

Traceback (most recent call last):
  File "/usr/local/miniconda/lib/python3.6/site-packages/niworkflows/nipype/pipeline/plugins/multiproc.py", line 62, in run_node
    result['result'] = node.run(updatehash=updatehash)
  File "/usr/local/miniconda/lib/python3.6/site-packages/niworkflows/nipype/pipeline/engine/nodes.py", line 413, in run
    shutil.move(hashfile_unfinished, hashfile)
  File "/usr/local/miniconda/lib/python3.6/shutil.py", line 552, in move
    copy_function(src, real_dst)
  File "/usr/local/miniconda/lib/python3.6/shutil.py", line 251, in copy2
    copyfile(src, dst, follow_symlinks=follow_symlinks)
  File "/usr/local/miniconda/lib/python3.6/shutil.py", line 114, in copyfile
    with open(src, 'rb') as fsrc:
FileNotFoundError: [Errno 2] No such file or directory: '/projects/adapt_lab/shared/ADS/data/BIDS_data/derivatives/working_bids_fmripreprest/fmriprep_wf/single_subject_ADS5226_wf/func_preproc_ses_wave3_task_rest_wf/bold_reference_wf/gen_ref/_0x4f90d045e8a34e28419f48b5d4f70e99_unfinished.json'

181218-19:15:37,746 workflow ERROR:
	 Node _t1_conform1 failed to run on host n050.
181218-19:15:37,746 workflow ERROR:
	 Saving crash info to /projects/adapt_lab/shared/ADS/data/BIDS_data/derivatives/fmriprep/sub-ADS5226/log/20181218-191342_3e212805-31da-47f6-9ba7-7f45b7a657fc/crash-20181218-191537-pettitta-_t1_conform1-bb89dad4-119a-4374-b2c7-d55b45f75706.txt
Traceback (most recent call last):
  File "/usr/local/miniconda/lib/python3.6/shutil.py", line 538, in move
    os.rename(src, real_dst)
FileNotFoundError: [Errno 2] No such file or directory: '/projects/adapt_lab/shared/ADS/data/BIDS_data/derivatives/working_bids_fmripreprest/fmriprep_wf/single_subject_ADS5226_wf/anat_preproc_wf/anat_template_wf/t1_conform/mapflow/_t1_conform1/_0xb14df88c6b3e0183e1a346102b2e7841_unfinished.json' -> '/projects/adapt_lab/shared/ADS/data/BIDS_data/derivatives/working_bids_fmripreprest/fmriprep_wf/single_subject_ADS5226_wf/anat_preproc_wf/anat_template_wf/t1_conform/mapflow/_t1_conform1/_0xb14df88c6b3e0183e1a346102b2e7841.json'

During handling of the above exception, another exception occurred:

Traceback (most recent call last):
  File "/usr/local/miniconda/lib/python3.6/site-packages/niworkflows/nipype/pipeline/plugins/multiproc.py", line 62, in run_node
    result['result'] = node.run(updatehash=updatehash)
  File "/usr/local/miniconda/lib/python3.6/site-packages/niworkflows/nipype/pipeline/engine/nodes.py", line 413, in run
    shutil.move(hashfile_unfinished, hashfile)
  File "/usr/local/miniconda/lib/python3.6/shutil.py", line 552, in move
    copy_function(src, real_dst)
  File "/usr/local/miniconda/lib/python3.6/shutil.py", line 251, in copy2
    copyfile(src, dst, follow_symlinks=follow_symlinks)
  File "/usr/local/miniconda/lib/python3.6/shutil.py", line 114, in copyfile
    with open(src, 'rb') as fsrc:
FileNotFoundError: [Errno 2] No such file or directory: '/projects/adapt_lab/shared/ADS/data/BIDS_data/derivatives/working_bids_fmripreprest/fmriprep_wf/single_subject_ADS5226_wf/anat_preproc_wf/anat_template_wf/t1_conform/mapflow/_t1_conform1/_0xb14df88c6b3e0183e1a346102b2e7841_unfinished.json'

181218-19:15:39,744 workflow ERROR:
	 could not run node: fmriprep_wf.single_subject_ADS5226_wf.func_preproc_ses_wave2_task_rest_wf.bold_reference_wf.gen_ref
181218-19:15:39,744 workflow ERROR:
	 could not run node: fmriprep_wf.single_subject_ADS5226_wf.func_preproc_ses_wave3_task_rest_wf.bold_reference_wf.gen_ref
181218-19:15:39,745 workflow ERROR:
	 could not run node: fmriprep_wf.single_subject_ADS5226_wf.anat_preproc_wf.anat_template_wf.t1_conform
181218-19:15:39,828 cli WARNING:
	 Errors occurred while generating reports for participants: ADS5226 (3).



done

-------------------------------
