
Fmriprep on ADS5226

Container: /projects/adapt_lab/shared/containers/poldracklab_fmriprep_latest-2017-12-07-ba92e815fc4e.img

Subject directory: /projects/adapt_lab/shared/ADS/data/BIDS_data

Starting on: rest


181217-19:24:46,664 workflow IMPORTANT:
	 
    Running fMRIPREP version 1.0.0:
      * BIDS dataset path: /projects/adapt_lab/shared/ADS/data/BIDS_data.
      * Participant list: ['ADS5226'].
      * Run identifier: 20181217-192446_b180a475-496f-410a-a6b8-96f686d6dcd9.
    
181217-19:24:52,509 workflow IMPORTANT:
	 Creating bold processing workflow for "/projects/adapt_lab/shared/ADS/data/BIDS_data/sub-ADS5226/ses-wave2/func/sub-ADS5226_ses-wave2_task-rest_bold.nii.gz" (0.05 GB / 510 TRs).
181217-19:24:52,986 workflow IMPORTANT:
	 Slice-timing correction will be included.
181217-19:24:53,669 workflow WARNING:
	 No fieldmaps found or they were ignored, building base workflow for dataset /projects/adapt_lab/shared/ADS/data/BIDS_data/sub-ADS5226/ses-wave2/func/sub-ADS5226_ses-wave2_task-rest_bold.nii.gz.
181217-19:24:53,889 workflow IMPORTANT:
	 Creating BOLD surface-sampling workflow.
181217-19:24:54,992 workflow IMPORTANT:
	 Creating bold processing workflow for "/projects/adapt_lab/shared/ADS/data/BIDS_data/sub-ADS5226/ses-wave3/func/sub-ADS5226_ses-wave3_task-rest_bold.nii.gz" (0.05 GB / 510 TRs).
181217-19:24:55,367 workflow IMPORTANT:
	 Slice-timing correction will be included.
181217-19:24:55,934 workflow WARNING:
	 No fieldmaps found or they were ignored, building base workflow for dataset /projects/adapt_lab/shared/ADS/data/BIDS_data/sub-ADS5226/ses-wave3/func/sub-ADS5226_ses-wave3_task-rest_bold.nii.gz.
181217-19:24:56,137 workflow IMPORTANT:
	 Creating BOLD surface-sampling workflow.
181217-19:25:37,773 workflow INFO:
	 [Node] Setting-up "fmriprep_wf.single_subject_ADS5226_wf.func_preproc_ses_wave2_task_rest_wf.bold_preproc_report_wf.pre_tsnr" in "/projects/adapt_lab/shared/ADS/data/BIDS_data/derivatives/working_bids_fmripreprest/fmriprep_wf/single_subject_ADS5226_wf/func_preproc_ses_wave2_task_rest_wf/bold_preproc_report_wf/pre_tsnr".
181217-19:25:37,872 workflow INFO:
	 [Node] Setting-up "fmriprep_wf.single_subject_ADS5226_wf.func_preproc_ses_wave3_task_rest_wf.bold_preproc_report_wf.pre_tsnr" in "/projects/adapt_lab/shared/ADS/data/BIDS_data/derivatives/working_bids_fmripreprest/fmriprep_wf/single_subject_ADS5226_wf/func_preproc_ses_wave3_task_rest_wf/bold_preproc_report_wf/pre_tsnr".
181217-19:25:38,10 workflow INFO:
	 [Node] Running "pre_tsnr" ("niworkflows.nipype.algorithms.confounds.TSNR").
181217-19:25:38,93 workflow INFO:
	 [Node] Running "pre_tsnr" ("niworkflows.nipype.algorithms.confounds.TSNR").
181217-19:25:38,259 workflow WARNING:
	 [Node] Exception "fmriprep_wf.fsdir" (/projects/adapt_lab/shared/ADS/data/BIDS_data/derivatives/working_bids_fmripreprest/fmriprep_wf/fsdir)
181217-19:25:38,302 workflow ERROR:
	 Node fsdir failed to run on host n078.
181217-19:25:38,304 workflow ERROR:
	 Saving crash info to /projects/adapt_lab/shared/ADS/data/BIDS_data/derivatives/fmriprep/logs/crash-20181217-192538-pettitta-fsdir-4494cb52-68a3-470e-a39a-cd76ae5ab1df.txt
Traceback (most recent call last):
  File "/usr/local/miniconda/lib/python3.6/site-packages/niworkflows/nipype/pipeline/plugins/multiproc.py", line 310, in _send_procs_to_workers
    self.procs[jobid].run(updatehash=updatehash)
  File "/usr/local/miniconda/lib/python3.6/site-packages/niworkflows/nipype/pipeline/engine/nodes.py", line 404, in run
    self._run_interface(execute=True)
  File "/usr/local/miniconda/lib/python3.6/site-packages/niworkflows/nipype/pipeline/engine/nodes.py", line 508, in _run_interface
    return self._run_command(execute)
  File "/usr/local/miniconda/lib/python3.6/site-packages/niworkflows/nipype/pipeline/engine/nodes.py", line 639, in _run_command
    result = self._interface.run()
  File "/usr/local/miniconda/lib/python3.6/site-packages/niworkflows/nipype/interfaces/base/core.py", line 485, in run
    runtime = self._run_interface(runtime)
  File "/usr/local/miniconda/lib/python3.6/site-packages/fmriprep/interfaces/bids.py", line 357, in _run_interface
    copytree(source, dest)
  File "/usr/local/miniconda/lib/python3.6/shutil.py", line 309, in copytree
    os.makedirs(dst)
  File "/usr/local/miniconda/lib/python3.6/os.py", line 220, in makedirs
    mkdir(name, mode)
FileExistsError: [Errno 17] File exists: '/projects/adapt_lab/shared/ADS/data/BIDS_data/derivatives/freesurfer/fsaverage'

181217-19:25:40,680 workflow INFO:
	 [Node] Setting-up "fmriprep_wf.single_subject_ADS5226_wf.func_preproc_ses_wave2_task_rest_wf.bold_reference_wf.validate" in "/projects/adapt_lab/shared/ADS/data/BIDS_data/derivatives/working_bids_fmripreprest/fmriprep_wf/single_subject_ADS5226_wf/func_preproc_ses_wave2_task_rest_wf/bold_reference_wf/validate".
181217-19:25:40,881 workflow INFO:
	 [Node] Running "validate" ("fmriprep.interfaces.images.ValidateImage").
181217-19:25:41,117 workflow INFO:
	 [Node] Setting-up "fmriprep_wf.single_subject_ADS5226_wf.func_preproc_ses_wave3_task_rest_wf.bold_reference_wf.validate" in "/projects/adapt_lab/shared/ADS/data/BIDS_data/derivatives/working_bids_fmripreprest/fmriprep_wf/single_subject_ADS5226_wf/func_preproc_ses_wave3_task_rest_wf/bold_reference_wf/validate".
181217-19:25:41,172 workflow INFO:
	 [Node] Setting-up "fmriprep_wf.single_subject_ADS5226_wf.bidssrc" in "/projects/adapt_lab/shared/ADS/data/BIDS_data/derivatives/working_bids_fmripreprest/fmriprep_wf/single_subject_ADS5226_wf/bidssrc".
181217-19:25:41,196 workflow INFO:
	 Collecting precomputed outputs
181217-19:25:41,202 workflow INFO:
	 [Node] Running "validate" ("fmriprep.interfaces.images.ValidateImage").
181217-19:25:41,206 workflow INFO:
	 [Node] Cached "fmriprep_wf.single_subject_ADS5226_wf.bidssrc".
181217-19:25:44,814 workflow WARNING:
	 [Node] Exception "fmriprep_wf.single_subject_ADS5226_wf.func_preproc_ses_wave2_task_rest_wf.bold_preproc_report_wf.pre_tsnr" (/projects/adapt_lab/shared/ADS/data/BIDS_data/derivatives/working_bids_fmripreprest/fmriprep_wf/single_subject_ADS5226_wf/func_preproc_ses_wave2_task_rest_wf/bold_preproc_report_wf/pre_tsnr)
181217-19:25:46,0 workflow ERROR:
	 Node pre_tsnr failed to run on host n078.
181217-19:25:46,33 workflow ERROR:
	 Saving crash info to /projects/adapt_lab/shared/ADS/data/BIDS_data/derivatives/fmriprep/sub-ADS5226/log/20181217-192446_b180a475-496f-410a-a6b8-96f686d6dcd9/crash-20181217-192545-pettitta-pre_tsnr-01b126b4-2802-4eac-8f2c-a3264176dee6.txt
Traceback (most recent call last):
  File "/usr/local/miniconda/lib/python3.6/site-packages/niworkflows/nipype/pipeline/engine/nodes.py", line 404, in run
    self._run_interface(execute=True)
  File "/usr/local/miniconda/lib/python3.6/site-packages/niworkflows/nipype/pipeline/engine/nodes.py", line 508, in _run_interface
    return self._run_command(execute)
  File "/usr/local/miniconda/lib/python3.6/site-packages/niworkflows/nipype/pipeline/engine/nodes.py", line 639, in _run_command
    result = self._interface.run()
  File "/usr/local/miniconda/lib/python3.6/site-packages/niworkflows/nipype/interfaces/base/core.py", line 486, in run
    outputs = self.aggregate_outputs(runtime)
  File "/usr/local/miniconda/lib/python3.6/site-packages/niworkflows/nipype/interfaces/base/core.py", line 574, in aggregate_outputs
    raise error
  File "/usr/local/miniconda/lib/python3.6/site-packages/niworkflows/nipype/interfaces/base/core.py", line 568, in aggregate_outputs
    setattr(outputs, key, val)
  File "/usr/local/miniconda/lib/python3.6/site-packages/niworkflows/nipype/interfaces/base/traits_extension.py", line 109, in validate
    self.info_text, value))
traits.trait_errors.TraitError: The trait 'tsnr_file' of a TSNROutputSpec instance is an existing file name, but the path  '/projects/adapt_lab/shared/ADS/data/BIDS_data/derivatives/working_bids_fmripreprest/fmriprep_wf/single_subject_ADS5226_wf/func_preproc_ses_wave2_task_rest_wf/bold_preproc_report_wf/pre_tsnr/tsnr.nii.gz' does not exist.

During handling of the above exception, another exception occurred:

Traceback (most recent call last):
  File "/usr/local/miniconda/lib/python3.6/site-packages/niworkflows/nipype/pipeline/plugins/multiproc.py", line 62, in run_node
    result['result'] = node.run(updatehash=updatehash)
  File "/usr/local/miniconda/lib/python3.6/site-packages/niworkflows/nipype/pipeline/engine/nodes.py", line 408, in run
    os.remove(hashfile_unfinished)
FileNotFoundError: [Errno 2] No such file or directory: '/projects/adapt_lab/shared/ADS/data/BIDS_data/derivatives/working_bids_fmripreprest/fmriprep_wf/single_subject_ADS5226_wf/func_preproc_ses_wave2_task_rest_wf/bold_preproc_report_wf/pre_tsnr/_0x5f237f5d4c04e867f6a2397b04da1071_unfinished.json'

181217-19:25:46,54 workflow ERROR:
	 Node pre_tsnr failed to run on host n078.
181217-19:25:46,55 workflow ERROR:
	 Saving crash info to /projects/adapt_lab/shared/ADS/data/BIDS_data/derivatives/fmriprep/sub-ADS5226/log/20181217-192446_b180a475-496f-410a-a6b8-96f686d6dcd9/crash-20181217-192546-pettitta-pre_tsnr-ff2a85c7-57d1-4756-ba1e-f4920b318ed8.txt
Traceback (most recent call last):
  File "/usr/local/miniconda/lib/python3.6/shutil.py", line 538, in move
    os.rename(src, real_dst)
FileNotFoundError: [Errno 2] No such file or directory: '/projects/adapt_lab/shared/ADS/data/BIDS_data/derivatives/working_bids_fmripreprest/fmriprep_wf/single_subject_ADS5226_wf/func_preproc_ses_wave3_task_rest_wf/bold_preproc_report_wf/pre_tsnr/_0x60d1371b2c6556c6546a8a52043924cc_unfinished.json' -> '/projects/adapt_lab/shared/ADS/data/BIDS_data/derivatives/working_bids_fmripreprest/fmriprep_wf/single_subject_ADS5226_wf/func_preproc_ses_wave3_task_rest_wf/bold_preproc_report_wf/pre_tsnr/_0x60d1371b2c6556c6546a8a52043924cc.json'

During handling of the above exception, another exception occurred:

Traceback (most recent call last):
  File "/usr/local/miniconda/lib/python3.6/site-packages/niworkflows/nipype/pipeline/plugins/multiproc.py", line 62, in run_node
    result['result'] = node.run(updatehash=updatehash)
  File "/usr/local/miniconda/lib/python3.6/site-packages/niworkflows/nipype/pipeline/engine/nodes.py", line 413, in run
    shutil.move(hashfile_unfinished, hashfile)
  File "/usr/local/miniconda/lib/python3.6/shutil.py", line 552, in move
    copy_function(src, real_dst)
  File "/usr/local/miniconda/lib/python3.6/shutil.py", line 251, in copy2
    copyfile(src, dst, follow_symlinks=follow_symlinks)
  File "/usr/local/miniconda/lib/python3.6/shutil.py", line 114, in copyfile
    with open(src, 'rb') as fsrc:
FileNotFoundError: [Errno 2] No such file or directory: '/projects/adapt_lab/shared/ADS/data/BIDS_data/derivatives/working_bids_fmripreprest/fmriprep_wf/single_subject_ADS5226_wf/func_preproc_ses_wave3_task_rest_wf/bold_preproc_report_wf/pre_tsnr/_0x60d1371b2c6556c6546a8a52043924cc_unfinished.json'

181217-19:25:46,164 workflow INFO:
	 [Node] Setting-up "fmriprep_wf.single_subject_ADS5226_wf.anat_preproc_wf.anat_template_wf.t1_template_dimensions" in "/projects/adapt_lab/shared/ADS/data/BIDS_data/derivatives/working_bids_fmripreprest/fmriprep_wf/single_subject_ADS5226_wf/anat_preproc_wf/anat_template_wf/t1_template_dimensions".
181217-19:25:46,224 workflow INFO:
	 [Node] Running "t1_template_dimensions" ("fmriprep.interfaces.images.TemplateDimensions").
181217-19:25:46,446 workflow INFO:
	 [Node] Finished "fmriprep_wf.single_subject_ADS5226_wf.anat_preproc_wf.anat_template_wf.t1_template_dimensions".
181217-19:25:53,520 workflow INFO:
	 [Node] Setting-up "_t1_conform1" in "/projects/adapt_lab/shared/ADS/data/BIDS_data/derivatives/working_bids_fmripreprest/fmriprep_wf/single_subject_ADS5226_wf/anat_preproc_wf/anat_template_wf/t1_conform/mapflow/_t1_conform1".
181217-19:25:53,532 workflow INFO:
	 [Node] Setting-up "_t1_conform0" in "/projects/adapt_lab/shared/ADS/data/BIDS_data/derivatives/working_bids_fmripreprest/fmriprep_wf/single_subject_ADS5226_wf/anat_preproc_wf/anat_template_wf/t1_conform/mapflow/_t1_conform0".
181217-19:25:53,609 workflow INFO:
	 [Node] Running "_t1_conform1" ("fmriprep.interfaces.images.Conform").
181217-19:25:53,637 workflow INFO:
	 [Node] Running "_t1_conform0" ("fmriprep.interfaces.images.Conform").
181217-19:25:53,778 workflow INFO:
	 [Node] Finished "_t1_conform0".
181217-19:25:56,782 workflow INFO:
	 [Node] Finished "fmriprep_wf.single_subject_ADS5226_wf.func_preproc_ses_wave2_task_rest_wf.bold_reference_wf.validate".
181217-19:25:56,860 workflow INFO:
	 [Node] Finished "fmriprep_wf.single_subject_ADS5226_wf.func_preproc_ses_wave3_task_rest_wf.bold_reference_wf.validate".
181217-19:26:02,752 workflow INFO:
	 [Node] Setting-up "fmriprep_wf.single_subject_ADS5226_wf.func_preproc_ses_wave2_task_rest_wf.bold_reference_wf.gen_ref" in "/projects/adapt_lab/shared/ADS/data/BIDS_data/derivatives/working_bids_fmripreprest/fmriprep_wf/single_subject_ADS5226_wf/func_preproc_ses_wave2_task_rest_wf/bold_reference_wf/gen_ref".
181217-19:26:02,852 workflow INFO:
	 [Node] Running "gen_ref" ("niworkflows.interfaces.registration.EstimateReferenceImage").
181217-19:26:03,173 workflow INFO:
	 [Node] Setting-up "fmriprep_wf.single_subject_ADS5226_wf.func_preproc_ses_wave3_task_rest_wf.bold_reference_wf.gen_ref" in "/projects/adapt_lab/shared/ADS/data/BIDS_data/derivatives/working_bids_fmripreprest/fmriprep_wf/single_subject_ADS5226_wf/func_preproc_ses_wave3_task_rest_wf/bold_reference_wf/gen_ref".
181217-19:26:03,228 workflow INFO:
	 [Node] Running "gen_ref" ("niworkflows.interfaces.registration.EstimateReferenceImage").
181217-19:26:06,889 interface INFO:
	 stderr 2018-12-17T19:26:06.889445:++ 3dvolreg: AFNI version=Debian-16.2.07~dfsg.1-5~nd16.04+1 (Jun 12 2017) [64-bit]
181217-19:26:06,889 interface INFO:
	 stderr 2018-12-17T19:26:06.889445:++ Authored by: RW Cox
181217-19:26:06,890 interface INFO:
	 stderr 2018-12-17T19:26:06.890008:++ 3dvolreg: AFNI version=Debian-16.2.07~dfsg.1-5~nd16.04+1 (Jun 12 2017) [64-bit]
181217-19:26:06,890 interface INFO:
	 stderr 2018-12-17T19:26:06.890008:++ Authored by: RW Cox
181217-19:26:07,61 interface INFO:
	 stderr 2018-12-17T19:26:07.061515:[7m*+ WARNING:[0m   If you are performing spatial transformations on an oblique dset, 
181217-19:26:07,61 interface INFO:
	 stderr 2018-12-17T19:26:07.061515:  such as /projects/adapt_lab/shared/ADS/data/BIDS_data/derivatives/working_bids_fmripreprest/fmriprep_wf/single_subject_ADS5226_wf/func_preproc_ses_wave3_task_rest_wf/bold_reference_wf/gen_ref/slice.nii.gz,
181217-19:26:07,61 interface INFO:
	 stderr 2018-12-17T19:26:07.061515:  or viewing/combining it with volumes of differing obliquity,
181217-19:26:07,61 interface INFO:
	 stderr 2018-12-17T19:26:07.061515:  you should consider running: 
181217-19:26:07,61 interface INFO:
	 stderr 2018-12-17T19:26:07.061515:     3dWarp -deoblique 
181217-19:26:07,62 interface INFO:
	 stderr 2018-12-17T19:26:07.061515:  on this and  other oblique datasets in the same session.
181217-19:26:07,62 interface INFO:
	 stderr 2018-12-17T19:26:07.061515: See 3dWarp -help for details.
181217-19:26:07,62 interface INFO:
	 stderr 2018-12-17T19:26:07.061515:++ Oblique dataset:/projects/adapt_lab/shared/ADS/data/BIDS_data/derivatives/working_bids_fmripreprest/fmriprep_wf/single_subject_ADS5226_wf/func_preproc_ses_wave3_task_rest_wf/bold_reference_wf/gen_ref/slice.nii.gz is 5.740678 degrees from plumb.
181217-19:26:07,62 interface INFO:
	 stderr 2018-12-17T19:26:07.062266:[7m*+ WARNING:[0m   If you are performing spatial transformations on an oblique dset, 
181217-19:26:07,62 interface INFO:
	 stderr 2018-12-17T19:26:07.062266:  such as /projects/adapt_lab/shared/ADS/data/BIDS_data/derivatives/working_bids_fmripreprest/fmriprep_wf/single_subject_ADS5226_wf/func_preproc_ses_wave2_task_rest_wf/bold_reference_wf/gen_ref/slice.nii.gz,
181217-19:26:07,62 interface INFO:
	 stderr 2018-12-17T19:26:07.062266:  or viewing/combining it with volumes of differing obliquity,
181217-19:26:07,62 interface INFO:
	 stderr 2018-12-17T19:26:07.062266:  you should consider running: 
181217-19:26:07,62 interface INFO:
	 stderr 2018-12-17T19:26:07.062266:     3dWarp -deoblique 
181217-19:26:07,62 interface INFO:
	 stderr 2018-12-17T19:26:07.062266:  on this and  other oblique datasets in the same session.
181217-19:26:07,62 interface INFO:
	 stderr 2018-12-17T19:26:07.062266: See 3dWarp -help for details.
181217-19:26:07,62 interface INFO:
	 stderr 2018-12-17T19:26:07.062266:++ Oblique dataset:/projects/adapt_lab/shared/ADS/data/BIDS_data/derivatives/working_bids_fmripreprest/fmriprep_wf/single_subject_ADS5226_wf/func_preproc_ses_wave2_task_rest_wf/bold_reference_wf/gen_ref/slice.nii.gz is 2.080743 degrees from plumb.
181217-19:26:07,63 interface INFO:
	 stderr 2018-12-17T19:26:07.063151:++ Coarse del was 10, replaced with 2
181217-19:26:07,63 interface INFO:
	 stderr 2018-12-17T19:26:07.063280:++ Coarse del was 10, replaced with 2
181217-19:26:47,340 interface INFO:
	 stderr 2018-12-17T19:26:47.340346:++ Max displacement in automask = 0.12 (mm) at sub-brick 16
181217-19:26:47,351 interface INFO:
	 stderr 2018-12-17T19:26:47.340346:++ Max delta displ  in automask = 0.13 (mm) at sub-brick 4
181217-19:26:47,479 interface INFO:
	 stderr 2018-12-17T19:26:47.479053:++ Max displacement in automask = 0.22 (mm) at sub-brick 6
181217-19:26:47,479 interface INFO:
	 stderr 2018-12-17T19:26:47.479053:++ Max delta displ  in automask = 0.14 (mm) at sub-brick 5
181217-19:26:49,382 workflow INFO:
	 [Node] Finished "fmriprep_wf.single_subject_ADS5226_wf.func_preproc_ses_wave2_task_rest_wf.bold_reference_wf.gen_ref".
181217-19:26:49,393 workflow INFO:
	 [Node] Finished "fmriprep_wf.single_subject_ADS5226_wf.func_preproc_ses_wave3_task_rest_wf.bold_reference_wf.gen_ref".
181217-19:26:50,158 workflow ERROR:
	 Node _t1_conform1 failed to run on host n078.
181217-19:26:50,180 workflow ERROR:
	 Saving crash info to /projects/adapt_lab/shared/ADS/data/BIDS_data/derivatives/fmriprep/sub-ADS5226/log/20181217-192446_b180a475-496f-410a-a6b8-96f686d6dcd9/crash-20181217-192650-pettitta-_t1_conform1-65a7d6be-e20d-44c7-8f4e-9ca47906987b.txt
Traceback (most recent call last):
  File "/usr/local/miniconda/lib/python3.6/shutil.py", line 538, in move
    os.rename(src, real_dst)
FileNotFoundError: [Errno 2] No such file or directory: '/projects/adapt_lab/shared/ADS/data/BIDS_data/derivatives/working_bids_fmripreprest/fmriprep_wf/single_subject_ADS5226_wf/anat_preproc_wf/anat_template_wf/t1_conform/mapflow/_t1_conform1/_0xb14df88c6b3e0183e1a346102b2e7841_unfinished.json' -> '/projects/adapt_lab/shared/ADS/data/BIDS_data/derivatives/working_bids_fmripreprest/fmriprep_wf/single_subject_ADS5226_wf/anat_preproc_wf/anat_template_wf/t1_conform/mapflow/_t1_conform1/_0xb14df88c6b3e0183e1a346102b2e7841.json'

During handling of the above exception, another exception occurred:

Traceback (most recent call last):
  File "/usr/local/miniconda/lib/python3.6/site-packages/niworkflows/nipype/pipeline/plugins/multiproc.py", line 62, in run_node
    result['result'] = node.run(updatehash=updatehash)
  File "/usr/local/miniconda/lib/python3.6/site-packages/niworkflows/nipype/pipeline/engine/nodes.py", line 413, in run
    shutil.move(hashfile_unfinished, hashfile)
  File "/usr/local/miniconda/lib/python3.6/shutil.py", line 552, in move
    copy_function(src, real_dst)
  File "/usr/local/miniconda/lib/python3.6/shutil.py", line 251, in copy2
    copyfile(src, dst, follow_symlinks=follow_symlinks)
  File "/usr/local/miniconda/lib/python3.6/shutil.py", line 114, in copyfile
    with open(src, 'rb') as fsrc:
FileNotFoundError: [Errno 2] No such file or directory: '/projects/adapt_lab/shared/ADS/data/BIDS_data/derivatives/working_bids_fmripreprest/fmriprep_wf/single_subject_ADS5226_wf/anat_preproc_wf/anat_template_wf/t1_conform/mapflow/_t1_conform1/_0xb14df88c6b3e0183e1a346102b2e7841_unfinished.json'

181217-19:26:51,265 workflow INFO:
	 [Node] Setting-up "fmriprep_wf.single_subject_ADS5226_wf.func_preproc_ses_wave2_task_rest_wf.bold_reference_wf.enhance_and_skullstrip_bold_wf.n4_correct" in "/projects/adapt_lab/shared/ADS/data/BIDS_data/derivatives/working_bids_fmripreprest/fmriprep_wf/single_subject_ADS5226_wf/func_preproc_ses_wave2_task_rest_wf/bold_reference_wf/enhance_and_skullstrip_bold_wf/n4_correct".
181217-19:26:51,340 workflow INFO:
	 [Node] Setting-up "fmriprep_wf.single_subject_ADS5226_wf.func_preproc_ses_wave3_task_rest_wf.bold_reference_wf.enhance_and_skullstrip_bold_wf.n4_correct" in "/projects/adapt_lab/shared/ADS/data/BIDS_data/derivatives/working_bids_fmripreprest/fmriprep_wf/single_subject_ADS5226_wf/func_preproc_ses_wave3_task_rest_wf/bold_reference_wf/enhance_and_skullstrip_bold_wf/n4_correct".
181217-19:26:51,407 workflow INFO:
	 [Node] Running "n4_correct" ("niworkflows.nipype.interfaces.ants.segmentation.N4BiasFieldCorrection"), a CommandLine Interface with command:
N4BiasFieldCorrection -d 3 --input-image /projects/adapt_lab/shared/ADS/data/BIDS_data/derivatives/working_bids_fmripreprest/fmriprep_wf/single_subject_ADS5226_wf/func_preproc_ses_wave2_task_rest_wf/bold_reference_wf/gen_ref/ref_image.nii.gz --output ref_image_corrected.nii.gz.
181217-19:26:51,412 workflow INFO:
	 [Node] Setting-up "fmriprep_wf.single_subject_ADS5226_wf.func_preproc_ses_wave2_task_rest_wf.bold_stc_wf.slice_timing_correction" in "/projects/adapt_lab/shared/ADS/data/BIDS_data/derivatives/working_bids_fmripreprest/fmriprep_wf/single_subject_ADS5226_wf/func_preproc_ses_wave2_task_rest_wf/bold_stc_wf/slice_timing_correction".
181217-19:26:51,446 workflow INFO:
	 [Node] Running "n4_correct" ("niworkflows.nipype.interfaces.ants.segmentation.N4BiasFieldCorrection"), a CommandLine Interface with command:
N4BiasFieldCorrection -d 3 --input-image /projects/adapt_lab/shared/ADS/data/BIDS_data/derivatives/working_bids_fmripreprest/fmriprep_wf/single_subject_ADS5226_wf/func_preproc_ses_wave3_task_rest_wf/bold_reference_wf/gen_ref/ref_image.nii.gz --output ref_image_corrected.nii.gz.
181217-19:26:51,509 workflow INFO:
	 [Node] Setting-up "fmriprep_wf.single_subject_ADS5226_wf.func_preproc_ses_wave3_task_rest_wf.bold_stc_wf.slice_timing_correction" in "/projects/adapt_lab/shared/ADS/data/BIDS_data/derivatives/working_bids_fmripreprest/fmriprep_wf/single_subject_ADS5226_wf/func_preproc_ses_wave3_task_rest_wf/bold_stc_wf/slice_timing_correction".
181217-19:26:51,567 workflow INFO:
	 [Node] Running "slice_timing_correction" ("niworkflows.nipype.interfaces.afni.preprocess.TShift"), a CommandLine Interface with command:
3dTshift -ignore 0 -prefix sub-ADS5226_ses-wave2_task-rest_bold_valid_tshift.nii.gz -tpattern @/projects/adapt_lab/shared/ADS/data/BIDS_data/derivatives/working_bids_fmripreprest/fmriprep_wf/single_subject_ADS5226_wf/func_preproc_ses_wave2_task_rest_wf/bold_stc_wf/create_custom_slice_timing_file/timings.1D -TR 1.4s /projects/adapt_lab/shared/ADS/data/BIDS_data/derivatives/working_bids_fmripreprest/fmriprep_wf/single_subject_ADS5226_wf/func_preproc_ses_wave2_task_rest_wf/bold_stc_wf/slice_timing_correction/sub-ADS5226_ses-wave2_task-rest_bold_valid.nii.gz.
181217-19:26:51,627 workflow INFO:
	 [Node] Running "slice_timing_correction" ("niworkflows.nipype.interfaces.afni.preprocess.TShift"), a CommandLine Interface with command:
3dTshift -ignore 0 -prefix sub-ADS5226_ses-wave3_task-rest_bold_valid_tshift.nii.gz -tpattern @/projects/adapt_lab/shared/ADS/data/BIDS_data/derivatives/working_bids_fmripreprest/fmriprep_wf/single_subject_ADS5226_wf/func_preproc_ses_wave3_task_rest_wf/bold_stc_wf/create_custom_slice_timing_file/timings.1D -TR 1.4s /projects/adapt_lab/shared/ADS/data/BIDS_data/derivatives/working_bids_fmripreprest/fmriprep_wf/single_subject_ADS5226_wf/func_preproc_ses_wave3_task_rest_wf/bold_stc_wf/slice_timing_correction/sub-ADS5226_ses-wave3_task-rest_bold_valid.nii.gz.
181217-19:26:51,653 workflow INFO:
	 [Node] Setting-up "fmriprep_wf.single_subject_ADS5226_wf.func_preproc_ses_wave2_task_rest_wf.bold_hmc_wf.mcflirt" in "/projects/adapt_lab/shared/ADS/data/BIDS_data/derivatives/working_bids_fmripreprest/fmriprep_wf/single_subject_ADS5226_wf/func_preproc_ses_wave2_task_rest_wf/bold_hmc_wf/mcflirt".
181217-19:26:51,700 workflow INFO:
	 [Node] Setting-up "fmriprep_wf.single_subject_ADS5226_wf.func_preproc_ses_wave3_task_rest_wf.bold_hmc_wf.mcflirt" in "/projects/adapt_lab/shared/ADS/data/BIDS_data/derivatives/working_bids_fmripreprest/fmriprep_wf/single_subject_ADS5226_wf/func_preproc_ses_wave3_task_rest_wf/bold_hmc_wf/mcflirt".
181217-19:26:51,739 workflow INFO:
	 [Node] Running "mcflirt" ("niworkflows.nipype.interfaces.fsl.preprocess.MCFLIRT"), a CommandLine Interface with command:
mcflirt -in /projects/adapt_lab/shared/ADS/data/BIDS_data/derivatives/working_bids_fmripreprest/fmriprep_wf/single_subject_ADS5226_wf/func_preproc_ses_wave2_task_rest_wf/bold_reference_wf/validate/sub-ADS5226_ses-wave2_task-rest_bold_valid.nii.gz -out /projects/adapt_lab/shared/ADS/data/BIDS_data/derivatives/working_bids_fmripreprest/fmriprep_wf/single_subject_ADS5226_wf/func_preproc_ses_wave2_task_rest_wf/bold_hmc_wf/mcflirt/sub-ADS5226_ses-wave2_task-rest_bold_valid_mcf.nii.gz -reffile /projects/adapt_lab/shared/ADS/data/BIDS_data/derivatives/working_bids_fmripreprest/fmriprep_wf/single_subject_ADS5226_wf/func_preproc_ses_wave2_task_rest_wf/bold_reference_wf/gen_ref/ref_image.nii.gz -mats -plots.
181217-19:26:51,748 workflow INFO:
	 [Node] Running "mcflirt" ("niworkflows.nipype.interfaces.fsl.preprocess.MCFLIRT"), a CommandLine Interface with command:
mcflirt -in /projects/adapt_lab/shared/ADS/data/BIDS_data/derivatives/working_bids_fmripreprest/fmriprep_wf/single_subject_ADS5226_wf/func_preproc_ses_wave3_task_rest_wf/bold_reference_wf/validate/sub-ADS5226_ses-wave3_task-rest_bold_valid.nii.gz -out /projects/adapt_lab/shared/ADS/data/BIDS_data/derivatives/working_bids_fmripreprest/fmriprep_wf/single_subject_ADS5226_wf/func_preproc_ses_wave3_task_rest_wf/bold_hmc_wf/mcflirt/sub-ADS5226_ses-wave3_task-rest_bold_valid_mcf.nii.gz -reffile /projects/adapt_lab/shared/ADS/data/BIDS_data/derivatives/working_bids_fmripreprest/fmriprep_wf/single_subject_ADS5226_wf/func_preproc_ses_wave3_task_rest_wf/bold_reference_wf/gen_ref/ref_image.nii.gz -mats -plots.
181217-19:27:50,165 workflow INFO:
	 [Node] Finished "fmriprep_wf.single_subject_ADS5226_wf.func_preproc_ses_wave2_task_rest_wf.bold_stc_wf.slice_timing_correction".
181217-19:27:50,263 workflow INFO:
	 [Node] Finished "fmriprep_wf.single_subject_ADS5226_wf.func_preproc_ses_wave3_task_rest_wf.bold_stc_wf.slice_timing_correction".
181217-19:27:56,376 workflow INFO:
	 [Node] Setting-up "fmriprep_wf.single_subject_ADS5226_wf.func_preproc_ses_wave2_task_rest_wf.bold_stc_wf.copy_xform" in "/projects/adapt_lab/shared/ADS/data/BIDS_data/derivatives/working_bids_fmripreprest/fmriprep_wf/single_subject_ADS5226_wf/func_preproc_ses_wave2_task_rest_wf/bold_stc_wf/copy_xform".
181217-19:27:56,390 workflow INFO:
	 [Node] Setting-up "fmriprep_wf.single_subject_ADS5226_wf.func_preproc_ses_wave3_task_rest_wf.bold_stc_wf.copy_xform" in "/projects/adapt_lab/shared/ADS/data/BIDS_data/derivatives/working_bids_fmripreprest/fmriprep_wf/single_subject_ADS5226_wf/func_preproc_ses_wave3_task_rest_wf/bold_stc_wf/copy_xform".
181217-19:27:56,426 workflow INFO:
	 [Node] Running "copy_xform" ("niworkflows.interfaces.utils.CopyXForm").
181217-19:27:56,429 workflow INFO:
	 [Node] Running "copy_xform" ("niworkflows.interfaces.utils.CopyXForm").
181217-19:28:02,42 workflow INFO:
	 [Node] Finished "fmriprep_wf.single_subject_ADS5226_wf.func_preproc_ses_wave2_task_rest_wf.bold_reference_wf.enhance_and_skullstrip_bold_wf.n4_correct".
181217-19:28:02,260 workflow INFO:
	 [Node] Finished "fmriprep_wf.single_subject_ADS5226_wf.func_preproc_ses_wave3_task_rest_wf.bold_reference_wf.enhance_and_skullstrip_bold_wf.n4_correct".
181217-19:28:03,831 workflow INFO:
	 [Node] Setting-up "fmriprep_wf.single_subject_ADS5226_wf.func_preproc_ses_wave2_task_rest_wf.bold_reference_wf.enhance_and_skullstrip_bold_wf.skullstrip_first_pass" in "/projects/adapt_lab/shared/ADS/data/BIDS_data/derivatives/working_bids_fmripreprest/fmriprep_wf/single_subject_ADS5226_wf/func_preproc_ses_wave2_task_rest_wf/bold_reference_wf/enhance_and_skullstrip_bold_wf/skullstrip_first_pass".
181217-19:28:03,832 workflow INFO:
	 [Node] Setting-up "fmriprep_wf.single_subject_ADS5226_wf.func_preproc_ses_wave3_task_rest_wf.bold_reference_wf.enhance_and_skullstrip_bold_wf.skullstrip_first_pass" in "/projects/adapt_lab/shared/ADS/data/BIDS_data/derivatives/working_bids_fmripreprest/fmriprep_wf/single_subject_ADS5226_wf/func_preproc_ses_wave3_task_rest_wf/bold_reference_wf/enhance_and_skullstrip_bold_wf/skullstrip_first_pass".
181217-19:28:03,982 workflow INFO:
	 [Node] Running "skullstrip_first_pass" ("niworkflows.nipype.interfaces.fsl.preprocess.BET"), a CommandLine Interface with command:
bet /projects/adapt_lab/shared/ADS/data/BIDS_data/derivatives/working_bids_fmripreprest/fmriprep_wf/single_subject_ADS5226_wf/func_preproc_ses_wave2_task_rest_wf/bold_reference_wf/enhance_and_skullstrip_bold_wf/n4_correct/ref_image_corrected.nii.gz /projects/adapt_lab/shared/ADS/data/BIDS_data/derivatives/working_bids_fmripreprest/fmriprep_wf/single_subject_ADS5226_wf/func_preproc_ses_wave2_task_rest_wf/bold_reference_wf/enhance_and_skullstrip_bold_wf/skullstrip_first_pass/ref_image_corrected_brain.nii.gz -f 0.20 -m.
181217-19:28:03,986 workflow INFO:
	 [Node] Running "skullstrip_first_pass" ("niworkflows.nipype.interfaces.fsl.preprocess.BET"), a CommandLine Interface with command:
bet /projects/adapt_lab/shared/ADS/data/BIDS_data/derivatives/working_bids_fmripreprest/fmriprep_wf/single_subject_ADS5226_wf/func_preproc_ses_wave3_task_rest_wf/bold_reference_wf/enhance_and_skullstrip_bold_wf/n4_correct/ref_image_corrected.nii.gz /projects/adapt_lab/shared/ADS/data/BIDS_data/derivatives/working_bids_fmripreprest/fmriprep_wf/single_subject_ADS5226_wf/func_preproc_ses_wave3_task_rest_wf/bold_reference_wf/enhance_and_skullstrip_bold_wf/skullstrip_first_pass/ref_image_corrected_brain.nii.gz -f 0.20 -m.
181217-19:28:14,748 workflow INFO:
	 [Node] Finished "fmriprep_wf.single_subject_ADS5226_wf.func_preproc_ses_wave2_task_rest_wf.bold_stc_wf.copy_xform".
181217-19:28:14,863 workflow INFO:
	 [Node] Finished "fmriprep_wf.single_subject_ADS5226_wf.func_preproc_ses_wave3_task_rest_wf.bold_stc_wf.copy_xform".
181217-19:28:15,774 workflow INFO:
	 [Node] Finished "fmriprep_wf.single_subject_ADS5226_wf.func_preproc_ses_wave3_task_rest_wf.bold_reference_wf.enhance_and_skullstrip_bold_wf.skullstrip_first_pass".
181217-19:28:15,789 workflow INFO:
	 [Node] Finished "fmriprep_wf.single_subject_ADS5226_wf.func_preproc_ses_wave2_task_rest_wf.bold_reference_wf.enhance_and_skullstrip_bold_wf.skullstrip_first_pass".
181217-19:28:17,877 workflow INFO:
	 [Node] Setting-up "fmriprep_wf.single_subject_ADS5226_wf.func_preproc_ses_wave2_task_rest_wf.bold_reference_wf.enhance_and_skullstrip_bold_wf.unifize" in "/projects/adapt_lab/shared/ADS/data/BIDS_data/derivatives/working_bids_fmripreprest/fmriprep_wf/single_subject_ADS5226_wf/func_preproc_ses_wave2_task_rest_wf/bold_reference_wf/enhance_and_skullstrip_bold_wf/unifize".
181217-19:28:17,878 workflow INFO:
	 [Node] Setting-up "fmriprep_wf.single_subject_ADS5226_wf.func_preproc_ses_wave3_task_rest_wf.bold_reference_wf.enhance_and_skullstrip_bold_wf.unifize" in "/projects/adapt_lab/shared/ADS/data/BIDS_data/derivatives/working_bids_fmripreprest/fmriprep_wf/single_subject_ADS5226_wf/func_preproc_ses_wave3_task_rest_wf/bold_reference_wf/enhance_and_skullstrip_bold_wf/unifize".
181217-19:28:17,989 workflow INFO:
	 [Node] Running "unifize" ("niworkflows.nipype.interfaces.afni.utils.Unifize"), a CommandLine Interface with command:
3dUnifize -clfrac 0.4 -prefix uni.nii.gz -T2 -input /projects/adapt_lab/shared/ADS/data/BIDS_data/derivatives/working_bids_fmripreprest/fmriprep_wf/single_subject_ADS5226_wf/func_preproc_ses_wave3_task_rest_wf/bold_reference_wf/enhance_and_skullstrip_bold_wf/unifize/ref_image_corrected_brain.nii.gz.
181217-19:28:18,28 workflow INFO:
	 [Node] Running "unifize" ("niworkflows.nipype.interfaces.afni.utils.Unifize"), a CommandLine Interface with command:
3dUnifize -clfrac 0.4 -prefix uni.nii.gz -T2 -input /projects/adapt_lab/shared/ADS/data/BIDS_data/derivatives/working_bids_fmripreprest/fmriprep_wf/single_subject_ADS5226_wf/func_preproc_ses_wave2_task_rest_wf/bold_reference_wf/enhance_and_skullstrip_bold_wf/unifize/ref_image_corrected_brain.nii.gz.
181217-19:28:18,197 workflow INFO:
	 [Node] Setting-up "fmriprep_wf.single_subject_ADS5226_wf.func_preproc_ses_wave3_task_rest_wf.bold_split" in "/projects/adapt_lab/shared/ADS/data/BIDS_data/derivatives/working_bids_fmripreprest/fmriprep_wf/single_subject_ADS5226_wf/func_preproc_ses_wave3_task_rest_wf/bold_split".
181217-19:28:18,197 workflow INFO:
	 [Node] Setting-up "fmriprep_wf.single_subject_ADS5226_wf.func_preproc_ses_wave2_task_rest_wf.bold_split" in "/projects/adapt_lab/shared/ADS/data/BIDS_data/derivatives/working_bids_fmripreprest/fmriprep_wf/single_subject_ADS5226_wf/func_preproc_ses_wave2_task_rest_wf/bold_split".
181217-19:28:18,315 workflow INFO:
	 [Node] Running "bold_split" ("niworkflows.nipype.interfaces.fsl.utils.Split"), a CommandLine Interface with command:
fslsplit /projects/adapt_lab/shared/ADS/data/BIDS_data/derivatives/working_bids_fmripreprest/fmriprep_wf/single_subject_ADS5226_wf/func_preproc_ses_wave3_task_rest_wf/bold_stc_wf/copy_xform/sub-ADS5226_ses-wave3_task-rest_bold_valid_tshift_xform.nii.gz -t.
181217-19:28:18,330 workflow INFO:
	 [Node] Running "bold_split" ("niworkflows.nipype.interfaces.fsl.utils.Split"), a CommandLine Interface with command:
fslsplit /projects/adapt_lab/shared/ADS/data/BIDS_data/derivatives/working_bids_fmripreprest/fmriprep_wf/single_subject_ADS5226_wf/func_preproc_ses_wave2_task_rest_wf/bold_stc_wf/copy_xform/sub-ADS5226_ses-wave2_task-rest_bold_valid_tshift_xform.nii.gz -t.
181217-19:28:24,531 workflow INFO:
	 [Node] Finished "fmriprep_wf.single_subject_ADS5226_wf.func_preproc_ses_wave2_task_rest_wf.bold_reference_wf.enhance_and_skullstrip_bold_wf.unifize".
181217-19:28:24,590 workflow INFO:
	 [Node] Finished "fmriprep_wf.single_subject_ADS5226_wf.func_preproc_ses_wave3_task_rest_wf.bold_reference_wf.enhance_and_skullstrip_bold_wf.unifize".
181217-19:28:33,958 workflow INFO:
	 [Node] Setting-up "fmriprep_wf.single_subject_ADS5226_wf.func_preproc_ses_wave3_task_rest_wf.bold_reference_wf.enhance_and_skullstrip_bold_wf.fixhdr_unifize" in "/projects/adapt_lab/shared/ADS/data/BIDS_data/derivatives/working_bids_fmripreprest/fmriprep_wf/single_subject_ADS5226_wf/func_preproc_ses_wave3_task_rest_wf/bold_reference_wf/enhance_and_skullstrip_bold_wf/fixhdr_unifize".
181217-19:28:33,963 workflow INFO:
	 [Node] Setting-up "fmriprep_wf.single_subject_ADS5226_wf.func_preproc_ses_wave2_task_rest_wf.bold_reference_wf.enhance_and_skullstrip_bold_wf.fixhdr_unifize" in "/projects/adapt_lab/shared/ADS/data/BIDS_data/derivatives/working_bids_fmripreprest/fmriprep_wf/single_subject_ADS5226_wf/func_preproc_ses_wave2_task_rest_wf/bold_reference_wf/enhance_and_skullstrip_bold_wf/fixhdr_unifize".
181217-19:28:34,34 workflow INFO:
	 [Node] Running "fixhdr_unifize" ("niworkflows.interfaces.utils.CopyXForm").
181217-19:28:34,56 workflow INFO:
	 [Node] Running "fixhdr_unifize" ("niworkflows.interfaces.utils.CopyXForm").
181217-19:28:34,164 workflow INFO:
	 [Node] Finished "fmriprep_wf.single_subject_ADS5226_wf.func_preproc_ses_wave3_task_rest_wf.bold_reference_wf.enhance_and_skullstrip_bold_wf.fixhdr_unifize".
181217-19:28:34,178 workflow INFO:
	 [Node] Finished "fmriprep_wf.single_subject_ADS5226_wf.func_preproc_ses_wave2_task_rest_wf.bold_reference_wf.enhance_and_skullstrip_bold_wf.fixhdr_unifize".
181217-19:28:35,701 workflow INFO:
	 [Node] Setting-up "fmriprep_wf.single_subject_ADS5226_wf.func_preproc_ses_wave3_task_rest_wf.bold_reference_wf.enhance_and_skullstrip_bold_wf.skullstrip_second_pass" in "/projects/adapt_lab/shared/ADS/data/BIDS_data/derivatives/working_bids_fmripreprest/fmriprep_wf/single_subject_ADS5226_wf/func_preproc_ses_wave3_task_rest_wf/bold_reference_wf/enhance_and_skullstrip_bold_wf/skullstrip_second_pass".
181217-19:28:35,702 workflow INFO:
	 [Node] Setting-up "fmriprep_wf.single_subject_ADS5226_wf.func_preproc_ses_wave2_task_rest_wf.bold_reference_wf.enhance_and_skullstrip_bold_wf.skullstrip_second_pass" in "/projects/adapt_lab/shared/ADS/data/BIDS_data/derivatives/working_bids_fmripreprest/fmriprep_wf/single_subject_ADS5226_wf/func_preproc_ses_wave2_task_rest_wf/bold_reference_wf/enhance_and_skullstrip_bold_wf/skullstrip_second_pass".
181217-19:28:35,794 workflow INFO:
	 [Node] Running "skullstrip_second_pass" ("niworkflows.nipype.interfaces.afni.preprocess.Automask"), a CommandLine Interface with command:
3dAutomask -apply_prefix uni_xform_masked.nii.gz -dilate 1 -prefix uni_xform_mask.nii.gz /projects/adapt_lab/shared/ADS/data/BIDS_data/derivatives/working_bids_fmripreprest/fmriprep_wf/single_subject_ADS5226_wf/func_preproc_ses_wave3_task_rest_wf/bold_reference_wf/enhance_and_skullstrip_bold_wf/skullstrip_second_pass/uni_xform.nii.gz.
181217-19:28:35,819 workflow INFO:
	 [Node] Running "skullstrip_second_pass" ("niworkflows.nipype.interfaces.afni.preprocess.Automask"), a CommandLine Interface with command:
3dAutomask -apply_prefix uni_xform_masked.nii.gz -dilate 1 -prefix uni_xform_mask.nii.gz /projects/adapt_lab/shared/ADS/data/BIDS_data/derivatives/working_bids_fmripreprest/fmriprep_wf/single_subject_ADS5226_wf/func_preproc_ses_wave2_task_rest_wf/bold_reference_wf/enhance_and_skullstrip_bold_wf/skullstrip_second_pass/uni_xform.nii.gz.
181217-19:28:36,676 workflow INFO:
	 [Node] Finished "fmriprep_wf.single_subject_ADS5226_wf.func_preproc_ses_wave3_task_rest_wf.bold_reference_wf.enhance_and_skullstrip_bold_wf.skullstrip_second_pass".
181217-19:28:36,683 workflow INFO:
	 [Node] Finished "fmriprep_wf.single_subject_ADS5226_wf.func_preproc_ses_wave2_task_rest_wf.bold_reference_wf.enhance_and_skullstrip_bold_wf.skullstrip_second_pass".
181217-19:28:47,108 workflow INFO:
	 [Node] Setting-up "fmriprep_wf.single_subject_ADS5226_wf.func_preproc_ses_wave2_task_rest_wf.bold_reference_wf.enhance_and_skullstrip_bold_wf.fixhdr_skullstrip2" in "/projects/adapt_lab/shared/ADS/data/BIDS_data/derivatives/working_bids_fmripreprest/fmriprep_wf/single_subject_ADS5226_wf/func_preproc_ses_wave2_task_rest_wf/bold_reference_wf/enhance_and_skullstrip_bold_wf/fixhdr_skullstrip2".
181217-19:28:47,179 workflow INFO:
	 [Node] Setting-up "fmriprep_wf.single_subject_ADS5226_wf.func_preproc_ses_wave3_task_rest_wf.bold_reference_wf.enhance_and_skullstrip_bold_wf.fixhdr_skullstrip2" in "/projects/adapt_lab/shared/ADS/data/BIDS_data/derivatives/working_bids_fmripreprest/fmriprep_wf/single_subject_ADS5226_wf/func_preproc_ses_wave3_task_rest_wf/bold_reference_wf/enhance_and_skullstrip_bold_wf/fixhdr_skullstrip2".
181217-19:28:47,195 workflow INFO:
	 [Node] Running "fixhdr_skullstrip2" ("niworkflows.interfaces.utils.CopyXForm").
181217-19:28:47,249 workflow INFO:
	 [Node] Running "fixhdr_skullstrip2" ("niworkflows.interfaces.utils.CopyXForm").
181217-19:28:47,293 workflow INFO:
	 [Node] Finished "fmriprep_wf.single_subject_ADS5226_wf.func_preproc_ses_wave2_task_rest_wf.bold_reference_wf.enhance_and_skullstrip_bold_wf.fixhdr_skullstrip2".
181217-19:28:47,360 workflow INFO:
	 [Node] Finished "fmriprep_wf.single_subject_ADS5226_wf.func_preproc_ses_wave3_task_rest_wf.bold_reference_wf.enhance_and_skullstrip_bold_wf.fixhdr_skullstrip2".
181217-19:28:49,931 workflow INFO:
	 [Node] Setting-up "fmriprep_wf.single_subject_ADS5226_wf.func_preproc_ses_wave2_task_rest_wf.bold_reference_wf.enhance_and_skullstrip_bold_wf.combine_masks" in "/projects/adapt_lab/shared/ADS/data/BIDS_data/derivatives/working_bids_fmripreprest/fmriprep_wf/single_subject_ADS5226_wf/func_preproc_ses_wave2_task_rest_wf/bold_reference_wf/enhance_and_skullstrip_bold_wf/combine_masks".
181217-19:28:49,943 workflow INFO:
	 [Node] Setting-up "fmriprep_wf.single_subject_ADS5226_wf.func_preproc_ses_wave3_task_rest_wf.bold_reference_wf.enhance_and_skullstrip_bold_wf.combine_masks" in "/projects/adapt_lab/shared/ADS/data/BIDS_data/derivatives/working_bids_fmripreprest/fmriprep_wf/single_subject_ADS5226_wf/func_preproc_ses_wave3_task_rest_wf/bold_reference_wf/enhance_and_skullstrip_bold_wf/combine_masks".
181217-19:28:50,63 workflow INFO:
	 [Node] Running "combine_masks" ("niworkflows.nipype.interfaces.fsl.maths.BinaryMaths"), a CommandLine Interface with command:
fslmaths /projects/adapt_lab/shared/ADS/data/BIDS_data/derivatives/working_bids_fmripreprest/fmriprep_wf/single_subject_ADS5226_wf/func_preproc_ses_wave2_task_rest_wf/bold_reference_wf/enhance_and_skullstrip_bold_wf/skullstrip_first_pass/ref_image_corrected_brain_mask.nii.gz -mul /projects/adapt_lab/shared/ADS/data/BIDS_data/derivatives/working_bids_fmripreprest/fmriprep_wf/single_subject_ADS5226_wf/func_preproc_ses_wave2_task_rest_wf/bold_reference_wf/enhance_and_skullstrip_bold_wf/fixhdr_skullstrip2/uni_xform_mask_xform.nii.gz /projects/adapt_lab/shared/ADS/data/BIDS_data/derivatives/working_bids_fmripreprest/fmriprep_wf/single_subject_ADS5226_wf/func_preproc_ses_wave2_task_rest_wf/bold_reference_wf/enhance_and_skullstrip_bold_wf/combine_masks/ref_image_corrected_brain_mask_maths.nii.gz.
181217-19:28:50,76 workflow INFO:
	 [Node] Running "combine_masks" ("niworkflows.nipype.interfaces.fsl.maths.BinaryMaths"), a CommandLine Interface with command:
fslmaths /projects/adapt_lab/shared/ADS/data/BIDS_data/derivatives/working_bids_fmripreprest/fmriprep_wf/single_subject_ADS5226_wf/func_preproc_ses_wave3_task_rest_wf/bold_reference_wf/enhance_and_skullstrip_bold_wf/skullstrip_first_pass/ref_image_corrected_brain_mask.nii.gz -mul /projects/adapt_lab/shared/ADS/data/BIDS_data/derivatives/working_bids_fmripreprest/fmriprep_wf/single_subject_ADS5226_wf/func_preproc_ses_wave3_task_rest_wf/bold_reference_wf/enhance_and_skullstrip_bold_wf/fixhdr_skullstrip2/uni_xform_mask_xform.nii.gz /projects/adapt_lab/shared/ADS/data/BIDS_data/derivatives/working_bids_fmripreprest/fmriprep_wf/single_subject_ADS5226_wf/func_preproc_ses_wave3_task_rest_wf/bold_reference_wf/enhance_and_skullstrip_bold_wf/combine_masks/ref_image_corrected_brain_mask_maths.nii.gz.
181217-19:28:50,910 workflow INFO:
	 [Node] Finished "fmriprep_wf.single_subject_ADS5226_wf.func_preproc_ses_wave3_task_rest_wf.bold_reference_wf.enhance_and_skullstrip_bold_wf.combine_masks".
181217-19:28:50,934 workflow INFO:
	 [Node] Finished "fmriprep_wf.single_subject_ADS5226_wf.func_preproc_ses_wave2_task_rest_wf.bold_reference_wf.enhance_and_skullstrip_bold_wf.combine_masks".
181217-19:28:54,660 workflow INFO:
	 [Node] Setting-up "fmriprep_wf.single_subject_ADS5226_wf.func_preproc_ses_wave2_task_rest_wf.bold_reference_wf.enhance_and_skullstrip_bold_wf.apply_mask" in "/projects/adapt_lab/shared/ADS/data/BIDS_data/derivatives/working_bids_fmripreprest/fmriprep_wf/single_subject_ADS5226_wf/func_preproc_ses_wave2_task_rest_wf/bold_reference_wf/enhance_and_skullstrip_bold_wf/apply_mask".
181217-19:28:54,774 workflow INFO:
	 [Node] Running "apply_mask" ("niworkflows.nipype.interfaces.fsl.maths.ApplyMask"), a CommandLine Interface with command:
fslmaths /projects/adapt_lab/shared/ADS/data/BIDS_data/derivatives/working_bids_fmripreprest/fmriprep_wf/single_subject_ADS5226_wf/func_preproc_ses_wave2_task_rest_wf/bold_reference_wf/enhance_and_skullstrip_bold_wf/fixhdr_unifize/uni_xform.nii.gz -mas /projects/adapt_lab/shared/ADS/data/BIDS_data/derivatives/working_bids_fmripreprest/fmriprep_wf/single_subject_ADS5226_wf/func_preproc_ses_wave2_task_rest_wf/bold_reference_wf/enhance_and_skullstrip_bold_wf/combine_masks/ref_image_corrected_brain_mask_maths.nii.gz /projects/adapt_lab/shared/ADS/data/BIDS_data/derivatives/working_bids_fmripreprest/fmriprep_wf/single_subject_ADS5226_wf/func_preproc_ses_wave2_task_rest_wf/bold_reference_wf/enhance_and_skullstrip_bold_wf/apply_mask/uni_xform_masked.nii.gz.
181217-19:28:54,857 workflow INFO:
	 [Node] Setting-up "fmriprep_wf.single_subject_ADS5226_wf.func_preproc_ses_wave3_task_rest_wf.bold_reference_wf.enhance_and_skullstrip_bold_wf.apply_mask" in "/projects/adapt_lab/shared/ADS/data/BIDS_data/derivatives/working_bids_fmripreprest/fmriprep_wf/single_subject_ADS5226_wf/func_preproc_ses_wave3_task_rest_wf/bold_reference_wf/enhance_and_skullstrip_bold_wf/apply_mask".
181217-19:28:54,944 workflow INFO:
	 [Node] Running "apply_mask" ("niworkflows.nipype.interfaces.fsl.maths.ApplyMask"), a CommandLine Interface with command:
fslmaths /projects/adapt_lab/shared/ADS/data/BIDS_data/derivatives/working_bids_fmripreprest/fmriprep_wf/single_subject_ADS5226_wf/func_preproc_ses_wave3_task_rest_wf/bold_reference_wf/enhance_and_skullstrip_bold_wf/fixhdr_unifize/uni_xform.nii.gz -mas /projects/adapt_lab/shared/ADS/data/BIDS_data/derivatives/working_bids_fmripreprest/fmriprep_wf/single_subject_ADS5226_wf/func_preproc_ses_wave3_task_rest_wf/bold_reference_wf/enhance_and_skullstrip_bold_wf/combine_masks/ref_image_corrected_brain_mask_maths.nii.gz /projects/adapt_lab/shared/ADS/data/BIDS_data/derivatives/working_bids_fmripreprest/fmriprep_wf/single_subject_ADS5226_wf/func_preproc_ses_wave3_task_rest_wf/bold_reference_wf/enhance_and_skullstrip_bold_wf/apply_mask/uni_xform_masked.nii.gz.
181217-19:28:55,734 workflow INFO:
	 [Node] Finished "fmriprep_wf.single_subject_ADS5226_wf.func_preproc_ses_wave2_task_rest_wf.bold_reference_wf.enhance_and_skullstrip_bold_wf.apply_mask".
181217-19:28:55,907 workflow INFO:
	 [Node] Finished "fmriprep_wf.single_subject_ADS5226_wf.func_preproc_ses_wave3_task_rest_wf.bold_reference_wf.enhance_and_skullstrip_bold_wf.apply_mask".
181217-19:29:02,667 workflow INFO:
	 [Node] Setting-up "fmriprep_wf.single_subject_ADS5226_wf.func_preproc_ses_wave2_task_rest_wf.bold_mni_trans_wf.gen_ref" in "/projects/adapt_lab/shared/ADS/data/BIDS_data/derivatives/working_bids_fmripreprest/fmriprep_wf/single_subject_ADS5226_wf/func_preproc_ses_wave2_task_rest_wf/bold_mni_trans_wf/gen_ref".
181217-19:29:02,668 workflow INFO:
	 [Node] Setting-up "fmriprep_wf.single_subject_ADS5226_wf.func_preproc_ses_wave3_task_rest_wf.bold_mni_trans_wf.gen_ref" in "/projects/adapt_lab/shared/ADS/data/BIDS_data/derivatives/working_bids_fmripreprest/fmriprep_wf/single_subject_ADS5226_wf/func_preproc_ses_wave3_task_rest_wf/bold_mni_trans_wf/gen_ref".
181217-19:29:02,712 workflow INFO:
	 [Node] Running "gen_ref" ("niworkflows.interfaces.utils.GenerateSamplingReference").
181217-19:29:04,948 workflow INFO:
	 [Node] Finished "fmriprep_wf.single_subject_ADS5226_wf.func_preproc_ses_wave2_task_rest_wf.bold_mni_trans_wf.gen_ref".
181217-19:29:13,618 workflow INFO:
	 [Node] Running "gen_ref" ("niworkflows.interfaces.utils.GenerateSamplingReference").
181217-19:29:25,404 workflow INFO:
	 [Node] Finished "fmriprep_wf.single_subject_ADS5226_wf.func_preproc_ses_wave3_task_rest_wf.bold_mni_trans_wf.gen_ref".
181217-19:29:43,584 workflow INFO:
	 [Node] Finished "fmriprep_wf.single_subject_ADS5226_wf.func_preproc_ses_wave3_task_rest_wf.bold_split".
181217-19:29:45,144 workflow INFO:
	 [Node] Finished "fmriprep_wf.single_subject_ADS5226_wf.func_preproc_ses_wave2_task_rest_wf.bold_split".
181217-19:31:08,230 workflow INFO:
	 [Node] Finished "fmriprep_wf.single_subject_ADS5226_wf.func_preproc_ses_wave2_task_rest_wf.bold_hmc_wf.mcflirt".
181217-19:31:11,697 workflow INFO:
	 [Node] Setting-up "fmriprep_wf.single_subject_ADS5226_wf.func_preproc_ses_wave2_task_rest_wf.bold_hmc_wf.fsl2itk" in "/projects/adapt_lab/shared/ADS/data/BIDS_data/derivatives/working_bids_fmripreprest/fmriprep_wf/single_subject_ADS5226_wf/func_preproc_ses_wave2_task_rest_wf/bold_hmc_wf/fsl2itk".
181217-19:31:12,44 workflow INFO:
	 [Node] Running "fsl2itk" ("fmriprep.interfaces.itk.MCFLIRT2ITK").
181217-19:31:12,421 workflow INFO:
	 [Node] Setting-up "fmriprep_wf.single_subject_ADS5226_wf.func_preproc_ses_wave2_task_rest_wf.bold_hmc_wf.normalize_motion" in "/projects/adapt_lab/shared/ADS/data/BIDS_data/derivatives/working_bids_fmripreprest/fmriprep_wf/single_subject_ADS5226_wf/func_preproc_ses_wave2_task_rest_wf/bold_hmc_wf/normalize_motion".
181217-19:31:12,463 workflow INFO:
	 [Node] Running "normalize_motion" ("niworkflows.interfaces.utils.NormalizeMotionParams").
181217-19:31:12,558 workflow INFO:
	 [Node] Finished "fmriprep_wf.single_subject_ADS5226_wf.func_preproc_ses_wave2_task_rest_wf.bold_hmc_wf.normalize_motion".
181217-19:31:13,720 workflow INFO:
	 [Node] Setting-up "fmriprep_wf.single_subject_ADS5226_wf.func_preproc_ses_wave2_task_rest_wf.bold_confounds_wf.fdisp" in "/projects/adapt_lab/shared/ADS/data/BIDS_data/derivatives/working_bids_fmripreprest/fmriprep_wf/single_subject_ADS5226_wf/func_preproc_ses_wave2_task_rest_wf/bold_confounds_wf/fdisp".
181217-19:31:13,759 workflow INFO:
	 [Node] Running "fdisp" ("niworkflows.nipype.algorithms.confounds.FramewiseDisplacement").
181217-19:31:13,849 workflow INFO:
	 [Node] Finished "fmriprep_wf.single_subject_ADS5226_wf.func_preproc_ses_wave2_task_rest_wf.bold_confounds_wf.fdisp".
181217-19:31:19,255 workflow INFO:
	 [Node] Finished "fmriprep_wf.single_subject_ADS5226_wf.func_preproc_ses_wave3_task_rest_wf.bold_hmc_wf.mcflirt".
181217-19:31:24,430 workflow INFO:
	 [Node] Setting-up "fmriprep_wf.single_subject_ADS5226_wf.func_preproc_ses_wave3_task_rest_wf.bold_hmc_wf.fsl2itk" in "/projects/adapt_lab/shared/ADS/data/BIDS_data/derivatives/working_bids_fmripreprest/fmriprep_wf/single_subject_ADS5226_wf/func_preproc_ses_wave3_task_rest_wf/bold_hmc_wf/fsl2itk".
181217-19:31:24,740 workflow INFO:
	 [Node] Running "fsl2itk" ("fmriprep.interfaces.itk.MCFLIRT2ITK").
181217-19:31:25,287 workflow INFO:
	 [Node] Setting-up "fmriprep_wf.single_subject_ADS5226_wf.func_preproc_ses_wave3_task_rest_wf.bold_hmc_wf.normalize_motion" in "/projects/adapt_lab/shared/ADS/data/BIDS_data/derivatives/working_bids_fmripreprest/fmriprep_wf/single_subject_ADS5226_wf/func_preproc_ses_wave3_task_rest_wf/bold_hmc_wf/normalize_motion".
181217-19:31:25,336 workflow INFO:
	 [Node] Running "normalize_motion" ("niworkflows.interfaces.utils.NormalizeMotionParams").
181217-19:31:25,510 workflow INFO:
	 [Node] Finished "fmriprep_wf.single_subject_ADS5226_wf.func_preproc_ses_wave3_task_rest_wf.bold_hmc_wf.normalize_motion".
181217-19:31:27,900 workflow INFO:
	 [Node] Setting-up "fmriprep_wf.single_subject_ADS5226_wf.func_preproc_ses_wave3_task_rest_wf.bold_confounds_wf.fdisp" in "/projects/adapt_lab/shared/ADS/data/BIDS_data/derivatives/working_bids_fmripreprest/fmriprep_wf/single_subject_ADS5226_wf/func_preproc_ses_wave3_task_rest_wf/bold_confounds_wf/fdisp".
181217-19:31:27,940 workflow INFO:
	 [Node] Running "fdisp" ("niworkflows.nipype.algorithms.confounds.FramewiseDisplacement").
181217-19:31:28,164 workflow INFO:
	 [Node] Finished "fmriprep_wf.single_subject_ADS5226_wf.func_preproc_ses_wave3_task_rest_wf.bold_confounds_wf.fdisp".
181217-19:33:32,30 workflow INFO:
	 [Node] Finished "fmriprep_wf.single_subject_ADS5226_wf.func_preproc_ses_wave2_task_rest_wf.bold_hmc_wf.fsl2itk".
181217-19:33:36,136 workflow INFO:
	 [Node] Setting-up "fmriprep_wf.single_subject_ADS5226_wf.func_preproc_ses_wave2_task_rest_wf.bold_bold_trans_wf.bold_transform" in "/projects/adapt_lab/shared/ADS/data/BIDS_data/derivatives/working_bids_fmripreprest/fmriprep_wf/single_subject_ADS5226_wf/func_preproc_ses_wave2_task_rest_wf/bold_bold_trans_wf/bold_transform".
181217-19:33:36,408 workflow INFO:
	 [Node] Running "bold_transform" ("fmriprep.interfaces.itk.MultiApplyTransforms").
181217-19:33:45,621 workflow INFO:
	 [Node] Finished "fmriprep_wf.single_subject_ADS5226_wf.func_preproc_ses_wave3_task_rest_wf.bold_hmc_wf.fsl2itk".
181217-19:33:51,723 workflow INFO:
	 [Node] Setting-up "fmriprep_wf.single_subject_ADS5226_wf.func_preproc_ses_wave3_task_rest_wf.bold_bold_trans_wf.bold_transform" in "/projects/adapt_lab/shared/ADS/data/BIDS_data/derivatives/working_bids_fmripreprest/fmriprep_wf/single_subject_ADS5226_wf/func_preproc_ses_wave3_task_rest_wf/bold_bold_trans_wf/bold_transform".
181217-19:33:52,127 workflow INFO:
	 [Node] Running "bold_transform" ("fmriprep.interfaces.itk.MultiApplyTransforms").
181217-19:51:54,974 workflow INFO:
	 [Node] Finished "fmriprep_wf.single_subject_ADS5226_wf.func_preproc_ses_wave2_task_rest_wf.bold_bold_trans_wf.bold_transform".
181217-19:52:03,101 workflow INFO:
	 [Node] Setting-up "fmriprep_wf.single_subject_ADS5226_wf.func_preproc_ses_wave2_task_rest_wf.bold_bold_trans_wf.merge" in "/projects/adapt_lab/shared/ADS/data/BIDS_data/derivatives/working_bids_fmripreprest/fmriprep_wf/single_subject_ADS5226_wf/func_preproc_ses_wave2_task_rest_wf/bold_bold_trans_wf/merge".
181217-19:52:03,399 workflow INFO:
	 [Node] Running "merge" ("fmriprep.interfaces.nilearn.Merge").
181217-19:52:09,621 workflow INFO:
	 [Node] Finished "fmriprep_wf.single_subject_ADS5226_wf.func_preproc_ses_wave3_task_rest_wf.bold_bold_trans_wf.bold_transform".
181217-19:52:11,925 workflow INFO:
	 [Node] Setting-up "fmriprep_wf.single_subject_ADS5226_wf.func_preproc_ses_wave3_task_rest_wf.bold_bold_trans_wf.merge" in "/projects/adapt_lab/shared/ADS/data/BIDS_data/derivatives/working_bids_fmripreprest/fmriprep_wf/single_subject_ADS5226_wf/func_preproc_ses_wave3_task_rest_wf/bold_bold_trans_wf/merge".
181217-19:52:12,26 workflow INFO:
	 [Node] Running "merge" ("fmriprep.interfaces.nilearn.Merge").
181217-19:52:31,451 workflow INFO:
	 [Node] Finished "fmriprep_wf.single_subject_ADS5226_wf.func_preproc_ses_wave2_task_rest_wf.bold_bold_trans_wf.merge".
181217-19:52:33,95 workflow INFO:
	 [Node] Setting-up "fmriprep_wf.single_subject_ADS5226_wf.func_preproc_ses_wave2_task_rest_wf.bold_preproc_report_wf.pos_tsnr" in "/projects/adapt_lab/shared/ADS/data/BIDS_data/derivatives/working_bids_fmripreprest/fmriprep_wf/single_subject_ADS5226_wf/func_preproc_ses_wave2_task_rest_wf/bold_preproc_report_wf/pos_tsnr".
181217-19:52:33,107 workflow INFO:
	 [Node] Setting-up "fmriprep_wf.single_subject_ADS5226_wf.func_preproc_ses_wave2_task_rest_wf.bold_confounds_wf.non_steady_state" in "/projects/adapt_lab/shared/ADS/data/BIDS_data/derivatives/working_bids_fmripreprest/fmriprep_wf/single_subject_ADS5226_wf/func_preproc_ses_wave2_task_rest_wf/bold_confounds_wf/non_steady_state".
181217-19:52:33,125 workflow INFO:
	 [Node] Running "pos_tsnr" ("niworkflows.nipype.algorithms.confounds.TSNR").
181217-19:52:33,133 workflow INFO:
	 [Node] Running "non_steady_state" ("niworkflows.nipype.algorithms.confounds.NonSteadyStateDetector").
181217-19:52:35,745 workflow INFO:
	 [Node] Setting-up "fmriprep_wf.single_subject_ADS5226_wf.func_preproc_ses_wave2_task_rest_wf.bold_bold_trans_wf.bold_reference_wf.validate" in "/projects/adapt_lab/shared/ADS/data/BIDS_data/derivatives/working_bids_fmripreprest/fmriprep_wf/single_subject_ADS5226_wf/func_preproc_ses_wave2_task_rest_wf/bold_bold_trans_wf/bold_reference_wf/validate".
181217-19:52:35,864 workflow INFO:
	 [Node] Running "validate" ("fmriprep.interfaces.images.ValidateImage").
181217-19:52:38,15 workflow INFO:
	 [Node] Finished "fmriprep_wf.single_subject_ADS5226_wf.func_preproc_ses_wave2_task_rest_wf.bold_confounds_wf.non_steady_state".
181217-19:52:46,57 workflow INFO:
	 [Node] Finished "fmriprep_wf.single_subject_ADS5226_wf.func_preproc_ses_wave3_task_rest_wf.bold_bold_trans_wf.merge".
181217-19:52:47,252 workflow INFO:
	 [Node] Setting-up "fmriprep_wf.single_subject_ADS5226_wf.func_preproc_ses_wave3_task_rest_wf.bold_confounds_wf.non_steady_state" in "/projects/adapt_lab/shared/ADS/data/BIDS_data/derivatives/working_bids_fmripreprest/fmriprep_wf/single_subject_ADS5226_wf/func_preproc_ses_wave3_task_rest_wf/bold_confounds_wf/non_steady_state".
181217-19:52:47,253 workflow INFO:
	 [Node] Setting-up "fmriprep_wf.single_subject_ADS5226_wf.func_preproc_ses_wave3_task_rest_wf.bold_preproc_report_wf.pos_tsnr" in "/projects/adapt_lab/shared/ADS/data/BIDS_data/derivatives/working_bids_fmripreprest/fmriprep_wf/single_subject_ADS5226_wf/func_preproc_ses_wave3_task_rest_wf/bold_preproc_report_wf/pos_tsnr".
181217-19:52:47,336 workflow INFO:
	 [Node] Running "pos_tsnr" ("niworkflows.nipype.algorithms.confounds.TSNR").
181217-19:52:47,339 workflow INFO:
	 [Node] Running "non_steady_state" ("niworkflows.nipype.algorithms.confounds.NonSteadyStateDetector").
181217-19:52:51,67 workflow INFO:
	 [Node] Setting-up "fmriprep_wf.single_subject_ADS5226_wf.func_preproc_ses_wave3_task_rest_wf.bold_bold_trans_wf.bold_reference_wf.validate" in "/projects/adapt_lab/shared/ADS/data/BIDS_data/derivatives/working_bids_fmripreprest/fmriprep_wf/single_subject_ADS5226_wf/func_preproc_ses_wave3_task_rest_wf/bold_bold_trans_wf/bold_reference_wf/validate".
181217-19:52:51,94 workflow INFO:
	 [Node] Running "validate" ("fmriprep.interfaces.images.ValidateImage").
181217-19:52:52,877 workflow INFO:
	 [Node] Finished "fmriprep_wf.single_subject_ADS5226_wf.func_preproc_ses_wave2_task_rest_wf.bold_preproc_report_wf.pos_tsnr".
181217-19:52:53,983 workflow INFO:
	 [Node] Finished "fmriprep_wf.single_subject_ADS5226_wf.func_preproc_ses_wave3_task_rest_wf.bold_confounds_wf.non_steady_state".
181217-19:52:56,196 workflow INFO:
	 [Node] Finished "fmriprep_wf.single_subject_ADS5226_wf.func_preproc_ses_wave2_task_rest_wf.bold_bold_trans_wf.bold_reference_wf.validate".
181217-19:53:01,704 workflow INFO:
	 [Node] Setting-up "fmriprep_wf.single_subject_ADS5226_wf.func_preproc_ses_wave2_task_rest_wf.bold_bold_trans_wf.bold_reference_wf.gen_ref" in "/projects/adapt_lab/shared/ADS/data/BIDS_data/derivatives/working_bids_fmripreprest/fmriprep_wf/single_subject_ADS5226_wf/func_preproc_ses_wave2_task_rest_wf/bold_bold_trans_wf/bold_reference_wf/gen_ref".
181217-19:53:01,803 workflow INFO:
	 [Node] Running "gen_ref" ("niworkflows.interfaces.registration.EstimateReferenceImage").
181217-19:53:03,393 interface INFO:
	 stderr 2018-12-17T19:53:03.393225:++ 3dvolreg: AFNI version=Debian-16.2.07~dfsg.1-5~nd16.04+1 (Jun 12 2017) [64-bit]
181217-19:53:03,393 interface INFO:
	 stderr 2018-12-17T19:53:03.393225:++ Authored by: RW Cox
181217-19:53:03,393 interface INFO:
	 stderr 2018-12-17T19:53:03.393225:** AFNI converts NIFTI_datatype=4 (INT16) in file /projects/adapt_lab/shared/ADS/data/BIDS_data/derivatives/working_bids_fmripreprest/fmriprep_wf/single_subject_ADS5226_wf/func_preproc_ses_wave2_task_rest_wf/bold_bold_trans_wf/bold_reference_wf/gen_ref/slice.nii.gz to FLOAT32
181217-19:53:03,393 interface INFO:
	 stderr 2018-12-17T19:53:03.393225:     Warnings of this type will be muted for this session.
181217-19:53:03,393 interface INFO:
	 stderr 2018-12-17T19:53:03.393225:     Set AFNI_NIFTI_TYPE_WARN to YES to see them all, NO to see none.
181217-19:53:03,393 interface INFO:
	 stderr 2018-12-17T19:53:03.393225:[7m*+ WARNING:[0m   If you are performing spatial transformations on an oblique dset, 
181217-19:53:03,394 interface INFO:
	 stderr 2018-12-17T19:53:03.393225:  such as /projects/adapt_lab/shared/ADS/data/BIDS_data/derivatives/working_bids_fmripreprest/fmriprep_wf/single_subject_ADS5226_wf/func_preproc_ses_wave2_task_rest_wf/bold_bold_trans_wf/bold_reference_wf/gen_ref/slice.nii.gz,
181217-19:53:03,394 interface INFO:
	 stderr 2018-12-17T19:53:03.393225:  or viewing/combining it with volumes of differing obliquity,
181217-19:53:03,394 interface INFO:
	 stderr 2018-12-17T19:53:03.393225:  you should consider running: 
181217-19:53:03,394 interface INFO:
	 stderr 2018-12-17T19:53:03.393225:     3dWarp -deoblique 
181217-19:53:03,394 interface INFO:
	 stderr 2018-12-17T19:53:03.393225:  on this and  other oblique datasets in the same session.
181217-19:53:03,394 interface INFO:
	 stderr 2018-12-17T19:53:03.393225: See 3dWarp -help for details.
181217-19:53:03,394 interface INFO:
	 stderr 2018-12-17T19:53:03.393225:++ Oblique dataset:/projects/adapt_lab/shared/ADS/data/BIDS_data/derivatives/working_bids_fmripreprest/fmriprep_wf/single_subject_ADS5226_wf/func_preproc_ses_wave2_task_rest_wf/bold_bold_trans_wf/bold_reference_wf/gen_ref/slice.nii.gz is 2.080743 degrees from plumb.
181217-19:53:03,394 interface INFO:
	 stderr 2018-12-17T19:53:03.393225:++ Coarse del was 10, replaced with 2
181217-19:53:07,752 workflow INFO:
	 [Node] Finished "fmriprep_wf.single_subject_ADS5226_wf.func_preproc_ses_wave3_task_rest_wf.bold_preproc_report_wf.pos_tsnr".
181217-19:53:09,581 workflow INFO:
	 [Node] Finished "fmriprep_wf.single_subject_ADS5226_wf.func_preproc_ses_wave3_task_rest_wf.bold_bold_trans_wf.bold_reference_wf.validate".
181217-19:53:13,624 workflow INFO:
	 [Node] Setting-up "fmriprep_wf.single_subject_ADS5226_wf.func_preproc_ses_wave3_task_rest_wf.bold_bold_trans_wf.bold_reference_wf.gen_ref" in "/projects/adapt_lab/shared/ADS/data/BIDS_data/derivatives/working_bids_fmripreprest/fmriprep_wf/single_subject_ADS5226_wf/func_preproc_ses_wave3_task_rest_wf/bold_bold_trans_wf/bold_reference_wf/gen_ref".
181217-19:53:13,746 workflow INFO:
	 [Node] Running "gen_ref" ("niworkflows.interfaces.registration.EstimateReferenceImage").
181217-19:53:14,700 interface INFO:
	 stderr 2018-12-17T19:53:14.700229:++ 3dvolreg: AFNI version=Debian-16.2.07~dfsg.1-5~nd16.04+1 (Jun 12 2017) [64-bit]
181217-19:53:14,700 interface INFO:
	 stderr 2018-12-17T19:53:14.700229:++ Authored by: RW Cox
181217-19:53:14,718 interface INFO:
	 stderr 2018-12-17T19:53:14.700229:** AFNI converts NIFTI_datatype=4 (INT16) in file /projects/adapt_lab/shared/ADS/data/BIDS_data/derivatives/working_bids_fmripreprest/fmriprep_wf/single_subject_ADS5226_wf/func_preproc_ses_wave3_task_rest_wf/bold_bold_trans_wf/bold_reference_wf/gen_ref/slice.nii.gz to FLOAT32
181217-19:53:14,719 interface INFO:
	 stderr 2018-12-17T19:53:14.700229:     Warnings of this type will be muted for this session.
181217-19:53:14,719 interface INFO:
	 stderr 2018-12-17T19:53:14.700229:     Set AFNI_NIFTI_TYPE_WARN to YES to see them all, NO to see none.
181217-19:53:14,719 interface INFO:
	 stderr 2018-12-17T19:53:14.700229:[7m*+ WARNING:[0m   If you are performing spatial transformations on an oblique dset, 
181217-19:53:14,719 interface INFO:
	 stderr 2018-12-17T19:53:14.700229:  such as /projects/adapt_lab/shared/ADS/data/BIDS_data/derivatives/working_bids_fmripreprest/fmriprep_wf/single_subject_ADS5226_wf/func_preproc_ses_wave3_task_rest_wf/bold_bold_trans_wf/bold_reference_wf/gen_ref/slice.nii.gz,
181217-19:53:14,719 interface INFO:
	 stderr 2018-12-17T19:53:14.700229:  or viewing/combining it with volumes of differing obliquity,
181217-19:53:14,719 interface INFO:
	 stderr 2018-12-17T19:53:14.700229:  you should consider running: 
181217-19:53:14,719 interface INFO:
	 stderr 2018-12-17T19:53:14.700229:     3dWarp -deoblique 
181217-19:53:14,719 interface INFO:
	 stderr 2018-12-17T19:53:14.700229:  on this and  other oblique datasets in the same session.
181217-19:53:14,719 interface INFO:
	 stderr 2018-12-17T19:53:14.700229: See 3dWarp -help for details.
181217-19:53:14,719 interface INFO:
	 stderr 2018-12-17T19:53:14.700229:++ Oblique dataset:/projects/adapt_lab/shared/ADS/data/BIDS_data/derivatives/working_bids_fmripreprest/fmriprep_wf/single_subject_ADS5226_wf/func_preproc_ses_wave3_task_rest_wf/bold_bold_trans_wf/bold_reference_wf/gen_ref/slice.nii.gz is 5.740678 degrees from plumb.
181217-19:53:14,719 interface INFO:
	 stderr 2018-12-17T19:53:14.700229:++ Coarse del was 10, replaced with 2
181217-19:53:32,924 interface INFO:
	 stderr 2018-12-17T19:53:32.924870:++ Max displacement in automask = 0.10 (mm) at sub-brick 6
181217-19:53:32,925 interface INFO:
	 stderr 2018-12-17T19:53:32.924870:++ Max delta displ  in automask = 0.09 (mm) at sub-brick 6
181217-19:53:34,442 workflow INFO:
	 [Node] Finished "fmriprep_wf.single_subject_ADS5226_wf.func_preproc_ses_wave2_task_rest_wf.bold_bold_trans_wf.bold_reference_wf.gen_ref".
181217-19:53:35,435 workflow INFO:
	 [Node] Setting-up "fmriprep_wf.single_subject_ADS5226_wf.func_preproc_ses_wave2_task_rest_wf.bold_bold_trans_wf.bold_reference_wf.enhance_and_skullstrip_bold_wf.n4_correct" in "/projects/adapt_lab/shared/ADS/data/BIDS_data/derivatives/working_bids_fmripreprest/fmriprep_wf/single_subject_ADS5226_wf/func_preproc_ses_wave2_task_rest_wf/bold_bold_trans_wf/bold_reference_wf/enhance_and_skullstrip_bold_wf/n4_correct".
181217-19:53:35,555 workflow INFO:
	 [Node] Running "n4_correct" ("niworkflows.nipype.interfaces.ants.segmentation.N4BiasFieldCorrection"), a CommandLine Interface with command:
N4BiasFieldCorrection -d 3 --input-image /projects/adapt_lab/shared/ADS/data/BIDS_data/derivatives/working_bids_fmripreprest/fmriprep_wf/single_subject_ADS5226_wf/func_preproc_ses_wave2_task_rest_wf/bold_bold_trans_wf/bold_reference_wf/gen_ref/ref_image.nii.gz --output ref_image_corrected.nii.gz.
181217-19:53:39,591 interface INFO:
	 stderr 2018-12-17T19:53:39.591797:++ Max displacement in automask = 0.10 (mm) at sub-brick 1
181217-19:53:39,592 interface INFO:
	 stderr 2018-12-17T19:53:39.591797:++ Max delta displ  in automask = 0.10 (mm) at sub-brick 1
181217-19:53:40,289 workflow INFO:
	 [Node] Finished "fmriprep_wf.single_subject_ADS5226_wf.func_preproc_ses_wave3_task_rest_wf.bold_bold_trans_wf.bold_reference_wf.gen_ref".
181217-19:53:41,311 workflow INFO:
	 [Node] Setting-up "fmriprep_wf.single_subject_ADS5226_wf.func_preproc_ses_wave3_task_rest_wf.bold_bold_trans_wf.bold_reference_wf.enhance_and_skullstrip_bold_wf.n4_correct" in "/projects/adapt_lab/shared/ADS/data/BIDS_data/derivatives/working_bids_fmripreprest/fmriprep_wf/single_subject_ADS5226_wf/func_preproc_ses_wave3_task_rest_wf/bold_bold_trans_wf/bold_reference_wf/enhance_and_skullstrip_bold_wf/n4_correct".
181217-19:53:41,371 workflow INFO:
	 [Node] Running "n4_correct" ("niworkflows.nipype.interfaces.ants.segmentation.N4BiasFieldCorrection"), a CommandLine Interface with command:
N4BiasFieldCorrection -d 3 --input-image /projects/adapt_lab/shared/ADS/data/BIDS_data/derivatives/working_bids_fmripreprest/fmriprep_wf/single_subject_ADS5226_wf/func_preproc_ses_wave3_task_rest_wf/bold_bold_trans_wf/bold_reference_wf/gen_ref/ref_image.nii.gz --output ref_image_corrected.nii.gz.
181217-19:53:44,946 workflow INFO:
	 [Node] Finished "fmriprep_wf.single_subject_ADS5226_wf.func_preproc_ses_wave2_task_rest_wf.bold_bold_trans_wf.bold_reference_wf.enhance_and_skullstrip_bold_wf.n4_correct".
181217-19:53:45,353 workflow INFO:
	 [Node] Setting-up "fmriprep_wf.single_subject_ADS5226_wf.func_preproc_ses_wave2_task_rest_wf.bold_bold_trans_wf.bold_reference_wf.enhance_and_skullstrip_bold_wf.skullstrip_first_pass" in "/projects/adapt_lab/shared/ADS/data/BIDS_data/derivatives/working_bids_fmripreprest/fmriprep_wf/single_subject_ADS5226_wf/func_preproc_ses_wave2_task_rest_wf/bold_bold_trans_wf/bold_reference_wf/enhance_and_skullstrip_bold_wf/skullstrip_first_pass".
181217-19:53:45,411 workflow INFO:
	 [Node] Running "skullstrip_first_pass" ("niworkflows.nipype.interfaces.fsl.preprocess.BET"), a CommandLine Interface with command:
bet /projects/adapt_lab/shared/ADS/data/BIDS_data/derivatives/working_bids_fmripreprest/fmriprep_wf/single_subject_ADS5226_wf/func_preproc_ses_wave2_task_rest_wf/bold_bold_trans_wf/bold_reference_wf/enhance_and_skullstrip_bold_wf/n4_correct/ref_image_corrected.nii.gz /projects/adapt_lab/shared/ADS/data/BIDS_data/derivatives/working_bids_fmripreprest/fmriprep_wf/single_subject_ADS5226_wf/func_preproc_ses_wave2_task_rest_wf/bold_bold_trans_wf/bold_reference_wf/enhance_and_skullstrip_bold_wf/skullstrip_first_pass/ref_image_corrected_brain.nii.gz -f 0.20 -m.
181217-19:53:48,45 workflow INFO:
	 [Node] Finished "fmriprep_wf.single_subject_ADS5226_wf.func_preproc_ses_wave2_task_rest_wf.bold_bold_trans_wf.bold_reference_wf.enhance_and_skullstrip_bold_wf.skullstrip_first_pass".
181217-19:53:49,345 workflow INFO:
	 [Node] Setting-up "fmriprep_wf.single_subject_ADS5226_wf.func_preproc_ses_wave2_task_rest_wf.bold_bold_trans_wf.bold_reference_wf.enhance_and_skullstrip_bold_wf.unifize" in "/projects/adapt_lab/shared/ADS/data/BIDS_data/derivatives/working_bids_fmripreprest/fmriprep_wf/single_subject_ADS5226_wf/func_preproc_ses_wave2_task_rest_wf/bold_bold_trans_wf/bold_reference_wf/enhance_and_skullstrip_bold_wf/unifize".
181217-19:53:49,422 workflow INFO:
	 [Node] Running "unifize" ("niworkflows.nipype.interfaces.afni.utils.Unifize"), a CommandLine Interface with command:
3dUnifize -clfrac 0.4 -prefix uni.nii.gz -T2 -input /projects/adapt_lab/shared/ADS/data/BIDS_data/derivatives/working_bids_fmripreprest/fmriprep_wf/single_subject_ADS5226_wf/func_preproc_ses_wave2_task_rest_wf/bold_bold_trans_wf/bold_reference_wf/enhance_and_skullstrip_bold_wf/unifize/ref_image_corrected_brain.nii.gz.
181217-19:53:50,166 workflow INFO:
	 [Node] Finished "fmriprep_wf.single_subject_ADS5226_wf.func_preproc_ses_wave2_task_rest_wf.bold_bold_trans_wf.bold_reference_wf.enhance_and_skullstrip_bold_wf.unifize".
181217-19:53:50,860 workflow INFO:
	 [Node] Finished "fmriprep_wf.single_subject_ADS5226_wf.func_preproc_ses_wave3_task_rest_wf.bold_bold_trans_wf.bold_reference_wf.enhance_and_skullstrip_bold_wf.n4_correct".
181217-19:53:51,761 workflow INFO:
	 [Node] Setting-up "fmriprep_wf.single_subject_ADS5226_wf.func_preproc_ses_wave3_task_rest_wf.bold_bold_trans_wf.bold_reference_wf.enhance_and_skullstrip_bold_wf.skullstrip_first_pass" in "/projects/adapt_lab/shared/ADS/data/BIDS_data/derivatives/working_bids_fmripreprest/fmriprep_wf/single_subject_ADS5226_wf/func_preproc_ses_wave3_task_rest_wf/bold_bold_trans_wf/bold_reference_wf/enhance_and_skullstrip_bold_wf/skullstrip_first_pass".
181217-19:53:51,890 workflow INFO:
	 [Node] Running "skullstrip_first_pass" ("niworkflows.nipype.interfaces.fsl.preprocess.BET"), a CommandLine Interface with command:
bet /projects/adapt_lab/shared/ADS/data/BIDS_data/derivatives/working_bids_fmripreprest/fmriprep_wf/single_subject_ADS5226_wf/func_preproc_ses_wave3_task_rest_wf/bold_bold_trans_wf/bold_reference_wf/enhance_and_skullstrip_bold_wf/n4_correct/ref_image_corrected.nii.gz /projects/adapt_lab/shared/ADS/data/BIDS_data/derivatives/working_bids_fmripreprest/fmriprep_wf/single_subject_ADS5226_wf/func_preproc_ses_wave3_task_rest_wf/bold_bold_trans_wf/bold_reference_wf/enhance_and_skullstrip_bold_wf/skullstrip_first_pass/ref_image_corrected_brain.nii.gz -f 0.20 -m.
181217-19:53:54,220 workflow INFO:
	 [Node] Setting-up "fmriprep_wf.single_subject_ADS5226_wf.func_preproc_ses_wave2_task_rest_wf.bold_bold_trans_wf.bold_reference_wf.enhance_and_skullstrip_bold_wf.fixhdr_unifize" in "/projects/adapt_lab/shared/ADS/data/BIDS_data/derivatives/working_bids_fmripreprest/fmriprep_wf/single_subject_ADS5226_wf/func_preproc_ses_wave2_task_rest_wf/bold_bold_trans_wf/bold_reference_wf/enhance_and_skullstrip_bold_wf/fixhdr_unifize".
181217-19:53:54,352 workflow INFO:
	 [Node] Running "fixhdr_unifize" ("niworkflows.interfaces.utils.CopyXForm").
181217-19:53:54,531 workflow INFO:
	 [Node] Finished "fmriprep_wf.single_subject_ADS5226_wf.func_preproc_ses_wave2_task_rest_wf.bold_bold_trans_wf.bold_reference_wf.enhance_and_skullstrip_bold_wf.fixhdr_unifize".
181217-19:53:55,533 workflow INFO:
	 [Node] Setting-up "fmriprep_wf.single_subject_ADS5226_wf.func_preproc_ses_wave2_task_rest_wf.bold_bold_trans_wf.bold_reference_wf.enhance_and_skullstrip_bold_wf.skullstrip_second_pass" in "/projects/adapt_lab/shared/ADS/data/BIDS_data/derivatives/working_bids_fmripreprest/fmriprep_wf/single_subject_ADS5226_wf/func_preproc_ses_wave2_task_rest_wf/bold_bold_trans_wf/bold_reference_wf/enhance_and_skullstrip_bold_wf/skullstrip_second_pass".
181217-19:53:55,652 workflow INFO:
	 [Node] Running "skullstrip_second_pass" ("niworkflows.nipype.interfaces.afni.preprocess.Automask"), a CommandLine Interface with command:
3dAutomask -apply_prefix uni_xform_masked.nii.gz -dilate 1 -prefix uni_xform_mask.nii.gz /projects/adapt_lab/shared/ADS/data/BIDS_data/derivatives/working_bids_fmripreprest/fmriprep_wf/single_subject_ADS5226_wf/func_preproc_ses_wave2_task_rest_wf/bold_bold_trans_wf/bold_reference_wf/enhance_and_skullstrip_bold_wf/skullstrip_second_pass/uni_xform.nii.gz.
181217-19:53:56,18 workflow INFO:
	 [Node] Finished "fmriprep_wf.single_subject_ADS5226_wf.func_preproc_ses_wave3_task_rest_wf.bold_bold_trans_wf.bold_reference_wf.enhance_and_skullstrip_bold_wf.skullstrip_first_pass".
181217-19:53:56,31 workflow INFO:
	 [Node] Finished "fmriprep_wf.single_subject_ADS5226_wf.func_preproc_ses_wave2_task_rest_wf.bold_bold_trans_wf.bold_reference_wf.enhance_and_skullstrip_bold_wf.skullstrip_second_pass".
181217-19:53:57,767 workflow INFO:
	 [Node] Setting-up "fmriprep_wf.single_subject_ADS5226_wf.func_preproc_ses_wave3_task_rest_wf.bold_bold_trans_wf.bold_reference_wf.enhance_and_skullstrip_bold_wf.unifize" in "/projects/adapt_lab/shared/ADS/data/BIDS_data/derivatives/working_bids_fmripreprest/fmriprep_wf/single_subject_ADS5226_wf/func_preproc_ses_wave3_task_rest_wf/bold_bold_trans_wf/bold_reference_wf/enhance_and_skullstrip_bold_wf/unifize".
181217-19:53:57,940 workflow INFO:
	 [Node] Running "unifize" ("niworkflows.nipype.interfaces.afni.utils.Unifize"), a CommandLine Interface with command:
3dUnifize -clfrac 0.4 -prefix uni.nii.gz -T2 -input /projects/adapt_lab/shared/ADS/data/BIDS_data/derivatives/working_bids_fmripreprest/fmriprep_wf/single_subject_ADS5226_wf/func_preproc_ses_wave3_task_rest_wf/bold_bold_trans_wf/bold_reference_wf/enhance_and_skullstrip_bold_wf/unifize/ref_image_corrected_brain.nii.gz.
181217-19:54:00,320 workflow INFO:
	 [Node] Finished "fmriprep_wf.single_subject_ADS5226_wf.func_preproc_ses_wave3_task_rest_wf.bold_bold_trans_wf.bold_reference_wf.enhance_and_skullstrip_bold_wf.unifize".
181217-19:54:00,320 workflow INFO:
	 [Node] Setting-up "fmriprep_wf.single_subject_ADS5226_wf.func_preproc_ses_wave2_task_rest_wf.bold_bold_trans_wf.bold_reference_wf.enhance_and_skullstrip_bold_wf.fixhdr_skullstrip2" in "/projects/adapt_lab/shared/ADS/data/BIDS_data/derivatives/working_bids_fmripreprest/fmriprep_wf/single_subject_ADS5226_wf/func_preproc_ses_wave2_task_rest_wf/bold_bold_trans_wf/bold_reference_wf/enhance_and_skullstrip_bold_wf/fixhdr_skullstrip2".
181217-19:54:00,346 workflow INFO:
	 [Node] Running "fixhdr_skullstrip2" ("niworkflows.interfaces.utils.CopyXForm").
181217-19:54:00,370 workflow INFO:
	 [Node] Finished "fmriprep_wf.single_subject_ADS5226_wf.func_preproc_ses_wave2_task_rest_wf.bold_bold_trans_wf.bold_reference_wf.enhance_and_skullstrip_bold_wf.fixhdr_skullstrip2".
181217-19:54:01,732 workflow INFO:
	 [Node] Setting-up "fmriprep_wf.single_subject_ADS5226_wf.func_preproc_ses_wave2_task_rest_wf.bold_bold_trans_wf.bold_reference_wf.enhance_and_skullstrip_bold_wf.combine_masks" in "/projects/adapt_lab/shared/ADS/data/BIDS_data/derivatives/working_bids_fmripreprest/fmriprep_wf/single_subject_ADS5226_wf/func_preproc_ses_wave2_task_rest_wf/bold_bold_trans_wf/bold_reference_wf/enhance_and_skullstrip_bold_wf/combine_masks".
181217-19:54:01,784 workflow INFO:
	 [Node] Running "combine_masks" ("niworkflows.nipype.interfaces.fsl.maths.BinaryMaths"), a CommandLine Interface with command:
fslmaths /projects/adapt_lab/shared/ADS/data/BIDS_data/derivatives/working_bids_fmripreprest/fmriprep_wf/single_subject_ADS5226_wf/func_preproc_ses_wave2_task_rest_wf/bold_bold_trans_wf/bold_reference_wf/enhance_and_skullstrip_bold_wf/skullstrip_first_pass/ref_image_corrected_brain_mask.nii.gz -mul /projects/adapt_lab/shared/ADS/data/BIDS_data/derivatives/working_bids_fmripreprest/fmriprep_wf/single_subject_ADS5226_wf/func_preproc_ses_wave2_task_rest_wf/bold_bold_trans_wf/bold_reference_wf/enhance_and_skullstrip_bold_wf/fixhdr_skullstrip2/uni_xform_mask_xform.nii.gz /projects/adapt_lab/shared/ADS/data/BIDS_data/derivatives/working_bids_fmripreprest/fmriprep_wf/single_subject_ADS5226_wf/func_preproc_ses_wave2_task_rest_wf/bold_bold_trans_wf/bold_reference_wf/enhance_and_skullstrip_bold_wf/combine_masks/ref_image_corrected_brain_mask_maths.nii.gz.
181217-19:54:02,121 workflow INFO:
	 [Node] Finished "fmriprep_wf.single_subject_ADS5226_wf.func_preproc_ses_wave2_task_rest_wf.bold_bold_trans_wf.bold_reference_wf.enhance_and_skullstrip_bold_wf.combine_masks".
181217-19:54:03,512 workflow INFO:
	 [Node] Setting-up "fmriprep_wf.single_subject_ADS5226_wf.func_preproc_ses_wave2_task_rest_wf.bold_confounds_wf.dvars" in "/projects/adapt_lab/shared/ADS/data/BIDS_data/derivatives/working_bids_fmripreprest/fmriprep_wf/single_subject_ADS5226_wf/func_preproc_ses_wave2_task_rest_wf/bold_confounds_wf/dvars".
181217-19:54:03,555 workflow INFO:
	 [Node] Running "dvars" ("niworkflows.nipype.algorithms.confounds.ComputeDVARS").
181217-19:54:04,70 workflow INFO:
	 [Node] Setting-up "fmriprep_wf.single_subject_ADS5226_wf.func_preproc_ses_wave2_task_rest_wf.bold_bold_trans_wf.bold_reference_wf.enhance_and_skullstrip_bold_wf.apply_mask" in "/projects/adapt_lab/shared/ADS/data/BIDS_data/derivatives/working_bids_fmripreprest/fmriprep_wf/single_subject_ADS5226_wf/func_preproc_ses_wave2_task_rest_wf/bold_bold_trans_wf/bold_reference_wf/enhance_and_skullstrip_bold_wf/apply_mask".
181217-19:54:04,224 workflow INFO:
	 [Node] Running "apply_mask" ("niworkflows.nipype.interfaces.fsl.maths.ApplyMask"), a CommandLine Interface with command:
fslmaths /projects/adapt_lab/shared/ADS/data/BIDS_data/derivatives/working_bids_fmripreprest/fmriprep_wf/single_subject_ADS5226_wf/func_preproc_ses_wave2_task_rest_wf/bold_bold_trans_wf/bold_reference_wf/enhance_and_skullstrip_bold_wf/fixhdr_unifize/uni_xform.nii.gz -mas /projects/adapt_lab/shared/ADS/data/BIDS_data/derivatives/working_bids_fmripreprest/fmriprep_wf/single_subject_ADS5226_wf/func_preproc_ses_wave2_task_rest_wf/bold_bold_trans_wf/bold_reference_wf/enhance_and_skullstrip_bold_wf/combine_masks/ref_image_corrected_brain_mask_maths.nii.gz /projects/adapt_lab/shared/ADS/data/BIDS_data/derivatives/working_bids_fmripreprest/fmriprep_wf/single_subject_ADS5226_wf/func_preproc_ses_wave2_task_rest_wf/bold_bold_trans_wf/bold_reference_wf/enhance_and_skullstrip_bold_wf/apply_mask/uni_xform_masked.nii.gz.
181217-19:54:04,561 workflow INFO:
	 [Node] Finished "fmriprep_wf.single_subject_ADS5226_wf.func_preproc_ses_wave2_task_rest_wf.bold_bold_trans_wf.bold_reference_wf.enhance_and_skullstrip_bold_wf.apply_mask".
181217-19:54:04,978 workflow INFO:
	 [Node] Setting-up "fmriprep_wf.single_subject_ADS5226_wf.func_preproc_ses_wave3_task_rest_wf.bold_bold_trans_wf.bold_reference_wf.enhance_and_skullstrip_bold_wf.fixhdr_unifize" in "/projects/adapt_lab/shared/ADS/data/BIDS_data/derivatives/working_bids_fmripreprest/fmriprep_wf/single_subject_ADS5226_wf/func_preproc_ses_wave3_task_rest_wf/bold_bold_trans_wf/bold_reference_wf/enhance_and_skullstrip_bold_wf/fixhdr_unifize".
181217-19:54:05,55 workflow INFO:
	 [Node] Running "fixhdr_unifize" ("niworkflows.interfaces.utils.CopyXForm").
181217-19:54:05,184 workflow INFO:
	 [Node] Finished "fmriprep_wf.single_subject_ADS5226_wf.func_preproc_ses_wave3_task_rest_wf.bold_bold_trans_wf.bold_reference_wf.enhance_and_skullstrip_bold_wf.fixhdr_unifize".
181217-19:54:07,712 workflow INFO:
	 [Node] Setting-up "fmriprep_wf.single_subject_ADS5226_wf.func_preproc_ses_wave3_task_rest_wf.bold_bold_trans_wf.bold_reference_wf.enhance_and_skullstrip_bold_wf.skullstrip_second_pass" in "/projects/adapt_lab/shared/ADS/data/BIDS_data/derivatives/working_bids_fmripreprest/fmriprep_wf/single_subject_ADS5226_wf/func_preproc_ses_wave3_task_rest_wf/bold_bold_trans_wf/bold_reference_wf/enhance_and_skullstrip_bold_wf/skullstrip_second_pass".
181217-19:54:07,890 workflow INFO:
	 [Node] Running "skullstrip_second_pass" ("niworkflows.nipype.interfaces.afni.preprocess.Automask"), a CommandLine Interface with command:
3dAutomask -apply_prefix uni_xform_masked.nii.gz -dilate 1 -prefix uni_xform_mask.nii.gz /projects/adapt_lab/shared/ADS/data/BIDS_data/derivatives/working_bids_fmripreprest/fmriprep_wf/single_subject_ADS5226_wf/func_preproc_ses_wave3_task_rest_wf/bold_bold_trans_wf/bold_reference_wf/enhance_and_skullstrip_bold_wf/skullstrip_second_pass/uni_xform.nii.gz.
181217-19:54:08,352 workflow INFO:
	 [Node] Finished "fmriprep_wf.single_subject_ADS5226_wf.func_preproc_ses_wave3_task_rest_wf.bold_bold_trans_wf.bold_reference_wf.enhance_and_skullstrip_bold_wf.skullstrip_second_pass".
181217-19:54:11,896 workflow INFO:
	 [Node] Setting-up "fmriprep_wf.single_subject_ADS5226_wf.func_preproc_ses_wave3_task_rest_wf.bold_bold_trans_wf.bold_reference_wf.enhance_and_skullstrip_bold_wf.fixhdr_skullstrip2" in "/projects/adapt_lab/shared/ADS/data/BIDS_data/derivatives/working_bids_fmripreprest/fmriprep_wf/single_subject_ADS5226_wf/func_preproc_ses_wave3_task_rest_wf/bold_bold_trans_wf/bold_reference_wf/enhance_and_skullstrip_bold_wf/fixhdr_skullstrip2".
181217-19:54:12,20 workflow INFO:
	 [Node] Running "fixhdr_skullstrip2" ("niworkflows.interfaces.utils.CopyXForm").
181217-19:54:12,183 workflow INFO:
	 [Node] Finished "fmriprep_wf.single_subject_ADS5226_wf.func_preproc_ses_wave3_task_rest_wf.bold_bold_trans_wf.bold_reference_wf.enhance_and_skullstrip_bold_wf.fixhdr_skullstrip2".
181217-19:54:13,701 workflow INFO:
	 [Node] Setting-up "fmriprep_wf.single_subject_ADS5226_wf.func_preproc_ses_wave3_task_rest_wf.bold_bold_trans_wf.bold_reference_wf.enhance_and_skullstrip_bold_wf.combine_masks" in "/projects/adapt_lab/shared/ADS/data/BIDS_data/derivatives/working_bids_fmripreprest/fmriprep_wf/single_subject_ADS5226_wf/func_preproc_ses_wave3_task_rest_wf/bold_bold_trans_wf/bold_reference_wf/enhance_and_skullstrip_bold_wf/combine_masks".
181217-19:54:13,770 workflow INFO:
	 [Node] Running "combine_masks" ("niworkflows.nipype.interfaces.fsl.maths.BinaryMaths"), a CommandLine Interface with command:
fslmaths /projects/adapt_lab/shared/ADS/data/BIDS_data/derivatives/working_bids_fmripreprest/fmriprep_wf/single_subject_ADS5226_wf/func_preproc_ses_wave3_task_rest_wf/bold_bold_trans_wf/bold_reference_wf/enhance_and_skullstrip_bold_wf/skullstrip_first_pass/ref_image_corrected_brain_mask.nii.gz -mul /projects/adapt_lab/shared/ADS/data/BIDS_data/derivatives/working_bids_fmripreprest/fmriprep_wf/single_subject_ADS5226_wf/func_preproc_ses_wave3_task_rest_wf/bold_bold_trans_wf/bold_reference_wf/enhance_and_skullstrip_bold_wf/fixhdr_skullstrip2/uni_xform_mask_xform.nii.gz /projects/adapt_lab/shared/ADS/data/BIDS_data/derivatives/working_bids_fmripreprest/fmriprep_wf/single_subject_ADS5226_wf/func_preproc_ses_wave3_task_rest_wf/bold_bold_trans_wf/bold_reference_wf/enhance_and_skullstrip_bold_wf/combine_masks/ref_image_corrected_brain_mask_maths.nii.gz.
181217-19:54:14,14 workflow INFO:
	 [Node] Finished "fmriprep_wf.single_subject_ADS5226_wf.func_preproc_ses_wave3_task_rest_wf.bold_bold_trans_wf.bold_reference_wf.enhance_and_skullstrip_bold_wf.combine_masks".
181217-19:54:15,388 workflow INFO:
	 [Node] Setting-up "fmriprep_wf.single_subject_ADS5226_wf.func_preproc_ses_wave3_task_rest_wf.bold_confounds_wf.dvars" in "/projects/adapt_lab/shared/ADS/data/BIDS_data/derivatives/working_bids_fmripreprest/fmriprep_wf/single_subject_ADS5226_wf/func_preproc_ses_wave3_task_rest_wf/bold_confounds_wf/dvars".
181217-19:54:15,520 workflow INFO:
	 [Node] Running "dvars" ("niworkflows.nipype.algorithms.confounds.ComputeDVARS").
181217-19:54:15,852 workflow INFO:
	 [Node] Setting-up "fmriprep_wf.single_subject_ADS5226_wf.func_preproc_ses_wave3_task_rest_wf.bold_bold_trans_wf.bold_reference_wf.enhance_and_skullstrip_bold_wf.apply_mask" in "/projects/adapt_lab/shared/ADS/data/BIDS_data/derivatives/working_bids_fmripreprest/fmriprep_wf/single_subject_ADS5226_wf/func_preproc_ses_wave3_task_rest_wf/bold_bold_trans_wf/bold_reference_wf/enhance_and_skullstrip_bold_wf/apply_mask".
181217-19:54:15,995 workflow INFO:
	 [Node] Running "apply_mask" ("niworkflows.nipype.interfaces.fsl.maths.ApplyMask"), a CommandLine Interface with command:
fslmaths /projects/adapt_lab/shared/ADS/data/BIDS_data/derivatives/working_bids_fmripreprest/fmriprep_wf/single_subject_ADS5226_wf/func_preproc_ses_wave3_task_rest_wf/bold_bold_trans_wf/bold_reference_wf/enhance_and_skullstrip_bold_wf/fixhdr_unifize/uni_xform.nii.gz -mas /projects/adapt_lab/shared/ADS/data/BIDS_data/derivatives/working_bids_fmripreprest/fmriprep_wf/single_subject_ADS5226_wf/func_preproc_ses_wave3_task_rest_wf/bold_bold_trans_wf/bold_reference_wf/enhance_and_skullstrip_bold_wf/combine_masks/ref_image_corrected_brain_mask_maths.nii.gz /projects/adapt_lab/shared/ADS/data/BIDS_data/derivatives/working_bids_fmripreprest/fmriprep_wf/single_subject_ADS5226_wf/func_preproc_ses_wave3_task_rest_wf/bold_bold_trans_wf/bold_reference_wf/enhance_and_skullstrip_bold_wf/apply_mask/uni_xform_masked.nii.gz.
181217-19:54:16,361 workflow INFO:
	 [Node] Finished "fmriprep_wf.single_subject_ADS5226_wf.func_preproc_ses_wave3_task_rest_wf.bold_bold_trans_wf.bold_reference_wf.enhance_and_skullstrip_bold_wf.apply_mask".
181217-19:54:26,835 workflow INFO:
	 [Node] Finished "fmriprep_wf.single_subject_ADS5226_wf.func_preproc_ses_wave2_task_rest_wf.bold_confounds_wf.dvars".
181217-19:54:31,771 workflow INFO:
	 [Node] Finished "fmriprep_wf.single_subject_ADS5226_wf.func_preproc_ses_wave3_task_rest_wf.bold_confounds_wf.dvars".
181217-19:54:35,106 workflow ERROR:
	 could not run node: fmriprep_wf.single_subject_ADS5226_wf.func_preproc_ses_wave2_task_rest_wf.bold_preproc_report_wf.pre_tsnr
181217-19:54:35,106 workflow ERROR:
	 could not run node: fmriprep_wf.single_subject_ADS5226_wf.func_preproc_ses_wave3_task_rest_wf.bold_preproc_report_wf.pre_tsnr
181217-19:54:35,106 workflow ERROR:
	 could not run node: fmriprep_wf.single_subject_ADS5226_wf.anat_preproc_wf.anat_template_wf.t1_conform
181217-19:54:35,206 cli WARNING:
	 Errors occurred while generating reports for participants: ADS5226 (3).



done

-------------------------------
